04-Jul-2021 09:35:51.231 INFO [main] org.apache.catalina.startup.VersionLoggerListener.log Server version name:   Apache Tomcat/10.0.7
04-Jul-2021 09:35:51.234 INFO [main] org.apache.catalina.startup.VersionLoggerListener.log Server built:          Jun 8 2021 16:31:06 UTC
04-Jul-2021 09:35:51.235 INFO [main] org.apache.catalina.startup.VersionLoggerListener.log Server version number: 10.0.7.0
04-Jul-2021 09:35:51.235 INFO [main] org.apache.catalina.startup.VersionLoggerListener.log OS Name:               Windows 10
04-Jul-2021 09:35:51.235 INFO [main] org.apache.catalina.startup.VersionLoggerListener.log OS Version:            10.0
04-Jul-2021 09:35:51.235 INFO [main] org.apache.catalina.startup.VersionLoggerListener.log Architecture:          amd64
04-Jul-2021 09:35:51.236 INFO [main] org.apache.catalina.startup.VersionLoggerListener.log Java Home:             C:\Program Files\Microsoft\jdk-16.0.1.9-hotspot
04-Jul-2021 09:35:51.236 INFO [main] org.apache.catalina.startup.VersionLoggerListener.log JVM Version:           16.0.1+9
04-Jul-2021 09:35:51.236 INFO [main] org.apache.catalina.startup.VersionLoggerListener.log JVM Vendor:            Microsoft
04-Jul-2021 09:35:51.236 INFO [main] org.apache.catalina.startup.VersionLoggerListener.log CATALINA_BASE:         C:\Users\joda\code\cgi\apache-tomcat-10.0.7
04-Jul-2021 09:35:51.236 INFO [main] org.apache.catalina.startup.VersionLoggerListener.log CATALINA_HOME:         C:\Users\joda\code\cgi\apache-tomcat-10.0.7
04-Jul-2021 09:35:51.249 INFO [main] org.apache.catalina.startup.VersionLoggerListener.log Command line argument: --add-opens=java.base/java.lang=ALL-UNNAMED
04-Jul-2021 09:35:51.250 INFO [main] org.apache.catalina.startup.VersionLoggerListener.log Command line argument: --add-opens=java.base/java.io=ALL-UNNAMED
04-Jul-2021 09:35:51.250 INFO [main] org.apache.catalina.startup.VersionLoggerListener.log Command line argument: --add-opens=java.base/java.util=ALL-UNNAMED
04-Jul-2021 09:35:51.250 INFO [main] org.apache.catalina.startup.VersionLoggerListener.log Command line argument: --add-opens=java.base/java.util.concurrent=ALL-UNNAMED
04-Jul-2021 09:35:51.250 INFO [main] org.apache.catalina.startup.VersionLoggerListener.log Command line argument: --add-opens=java.rmi/sun.rmi.transport=ALL-UNNAMED
04-Jul-2021 09:35:51.250 INFO [main] org.apache.catalina.startup.VersionLoggerListener.log Command line argument: -Djava.util.logging.config.file=C:\Users\joda\code\cgi\apache-tomcat-10.0.7\conf\logging.properties
04-Jul-2021 09:35:51.251 INFO [main] org.apache.catalina.startup.VersionLoggerListener.log Command line argument: -Djava.util.logging.manager=org.apache.juli.ClassLoaderLogManager
04-Jul-2021 09:35:51.251 INFO [main] org.apache.catalina.startup.VersionLoggerListener.log Command line argument: -Djdk.tls.ephemeralDHKeySize=2048
04-Jul-2021 09:35:51.251 INFO [main] org.apache.catalina.startup.VersionLoggerListener.log Command line argument: -Djava.protocol.handler.pkgs=org.apache.catalina.webresources
04-Jul-2021 09:35:51.251 INFO [main] org.apache.catalina.startup.VersionLoggerListener.log Command line argument: -Dignore.endorsed.dirs=
04-Jul-2021 09:35:51.252 INFO [main] org.apache.catalina.startup.VersionLoggerListener.log Command line argument: -Dcatalina.base=C:\Users\joda\code\cgi\apache-tomcat-10.0.7
04-Jul-2021 09:35:51.253 INFO [main] org.apache.catalina.startup.VersionLoggerListener.log Command line argument: -Dcatalina.home=C:\Users\joda\code\cgi\apache-tomcat-10.0.7
04-Jul-2021 09:35:51.253 INFO [main] org.apache.catalina.startup.VersionLoggerListener.log Command line argument: -Djava.io.tmpdir=C:\Users\joda\code\cgi\apache-tomcat-10.0.7\temp
04-Jul-2021 09:35:51.257 INFO [main] org.apache.catalina.core.AprLifecycleListener.lifecycleEvent Loaded Apache Tomcat Native library [1.2.30] using APR version [1.7.0].
04-Jul-2021 09:35:51.258 INFO [main] org.apache.catalina.core.AprLifecycleListener.lifecycleEvent APR capabilities: IPv6 [true], sendfile [true], accept filters [false], random [true], UDS [true].
04-Jul-2021 09:35:51.262 INFO [main] org.apache.catalina.core.AprLifecycleListener.initializeSSL OpenSSL successfully initialized [OpenSSL 1.1.1k  25 Mar 2021]
04-Jul-2021 09:35:51.486 INFO [main] org.apache.coyote.AbstractProtocol.init Initializing ProtocolHandler ["http-nio-8080"]
04-Jul-2021 09:35:51.513 INFO [main] org.apache.catalina.startup.Catalina.load Server initialization in [446] milliseconds
04-Jul-2021 09:35:51.566 INFO [main] org.apache.catalina.core.StandardService.startInternal Starting service [Catalina]
04-Jul-2021 09:35:51.567 INFO [main] org.apache.catalina.core.StandardEngine.startInternal Starting Servlet engine: [Apache Tomcat/10.0.7]
04-Jul-2021 09:35:51.578 INFO [main] org.apache.catalina.startup.HostConfig.deployDirectory Deploying web application directory [C:\Users\joda\code\cgi\apache-tomcat-10.0.7\webapps\docs]
04-Jul-2021 09:35:51.853 INFO [main] org.apache.catalina.startup.HostConfig.deployDirectory Deployment of web application directory [C:\Users\joda\code\cgi\apache-tomcat-10.0.7\webapps\docs] has finished in [274] ms
04-Jul-2021 09:35:51.853 INFO [main] org.apache.catalina.startup.HostConfig.deployDirectory Deploying web application directory [C:\Users\joda\code\cgi\apache-tomcat-10.0.7\webapps\examples]
04-Jul-2021 09:35:52.238 INFO [main] org.apache.catalina.startup.HostConfig.deployDirectory Deployment of web application directory [C:\Users\joda\code\cgi\apache-tomcat-10.0.7\webapps\examples] has finished in [384] ms
04-Jul-2021 09:35:52.238 INFO [main] org.apache.catalina.startup.HostConfig.deployDirectory Deploying web application directory [C:\Users\joda\code\cgi\apache-tomcat-10.0.7\webapps\host-manager]
04-Jul-2021 09:35:52.276 INFO [main] org.apache.catalina.startup.HostConfig.deployDirectory Deployment of web application directory [C:\Users\joda\code\cgi\apache-tomcat-10.0.7\webapps\host-manager] has finished in [38] ms
04-Jul-2021 09:35:52.277 INFO [main] org.apache.catalina.startup.HostConfig.deployDirectory Deploying web application directory [C:\Users\joda\code\cgi\apache-tomcat-10.0.7\webapps\manager]
04-Jul-2021 09:35:52.306 INFO [main] org.apache.catalina.startup.HostConfig.deployDirectory Deployment of web application directory [C:\Users\joda\code\cgi\apache-tomcat-10.0.7\webapps\manager] has finished in [29] ms
04-Jul-2021 09:35:52.307 INFO [main] org.apache.catalina.startup.HostConfig.deployDirectory Deploying web application directory [C:\Users\joda\code\cgi\apache-tomcat-10.0.7\webapps\ROOT]
04-Jul-2021 09:35:52.331 INFO [main] org.apache.catalina.startup.HostConfig.deployDirectory Deployment of web application directory [C:\Users\joda\code\cgi\apache-tomcat-10.0.7\webapps\ROOT] has finished in [25] ms
04-Jul-2021 09:35:52.335 INFO [main] org.apache.coyote.AbstractProtocol.start Starting ProtocolHandler ["http-nio-8080"]
04-Jul-2021 09:35:52.406 INFO [main] org.apache.catalina.startup.Catalina.start Server startup in [892] milliseconds
04-Jul-2021 09:36:46.148 INFO [main] org.apache.catalina.core.StandardServer.await A valid shutdown command was received via the shutdown port. Stopping the Server instance.
04-Jul-2021 09:36:46.149 INFO [main] org.apache.coyote.AbstractProtocol.pause Pausing ProtocolHandler ["http-nio-8080"]
04-Jul-2021 09:36:46.165 INFO [main] org.apache.catalina.core.StandardService.stopInternal Stopping service [Catalina]
04-Jul-2021 09:36:46.183 INFO [main] org.apache.coyote.AbstractProtocol.stop Stopping ProtocolHandler ["http-nio-8080"]
04-Jul-2021 09:36:46.211 INFO [main] org.apache.coyote.AbstractProtocol.destroy Destroying ProtocolHandler ["http-nio-8080"]
04-Jul-2021 09:41:26.653 INFO [main] org.apache.catalina.startup.VersionLoggerListener.log Server version name:   Apache Tomcat/10.0.7
04-Jul-2021 09:41:26.657 INFO [main] org.apache.catalina.startup.VersionLoggerListener.log Server built:          Jun 8 2021 16:31:06 UTC
04-Jul-2021 09:41:26.657 INFO [main] org.apache.catalina.startup.VersionLoggerListener.log Server version number: 10.0.7.0
04-Jul-2021 09:41:26.657 INFO [main] org.apache.catalina.startup.VersionLoggerListener.log OS Name:               Windows 10
04-Jul-2021 09:41:26.657 INFO [main] org.apache.catalina.startup.VersionLoggerListener.log OS Version:            10.0
04-Jul-2021 09:41:26.657 INFO [main] org.apache.catalina.startup.VersionLoggerListener.log Architecture:          amd64
04-Jul-2021 09:41:26.658 INFO [main] org.apache.catalina.startup.VersionLoggerListener.log Java Home:             C:\Program Files\Microsoft\jdk-16.0.1.9-hotspot
04-Jul-2021 09:41:26.658 INFO [main] org.apache.catalina.startup.VersionLoggerListener.log JVM Version:           16.0.1+9
04-Jul-2021 09:41:26.659 INFO [main] org.apache.catalina.startup.VersionLoggerListener.log JVM Vendor:            Microsoft
04-Jul-2021 09:41:26.659 INFO [main] org.apache.catalina.startup.VersionLoggerListener.log CATALINA_BASE:         C:\Users\joda\code\cgi\apache-tomcat-10.0.7
04-Jul-2021 09:41:26.659 INFO [main] org.apache.catalina.startup.VersionLoggerListener.log CATALINA_HOME:         C:\Users\joda\code\cgi\apache-tomcat-10.0.7
04-Jul-2021 09:41:26.672 INFO [main] org.apache.catalina.startup.VersionLoggerListener.log Command line argument: --add-opens=java.base/java.lang=ALL-UNNAMED
04-Jul-2021 09:41:26.673 INFO [main] org.apache.catalina.startup.VersionLoggerListener.log Command line argument: --add-opens=java.base/java.io=ALL-UNNAMED
04-Jul-2021 09:41:26.673 INFO [main] org.apache.catalina.startup.VersionLoggerListener.log Command line argument: --add-opens=java.base/java.util=ALL-UNNAMED
04-Jul-2021 09:41:26.673 INFO [main] org.apache.catalina.startup.VersionLoggerListener.log Command line argument: --add-opens=java.base/java.util.concurrent=ALL-UNNAMED
04-Jul-2021 09:41:26.673 INFO [main] org.apache.catalina.startup.VersionLoggerListener.log Command line argument: --add-opens=java.rmi/sun.rmi.transport=ALL-UNNAMED
04-Jul-2021 09:41:26.674 INFO [main] org.apache.catalina.startup.VersionLoggerListener.log Command line argument: -Djava.util.logging.config.file=C:\Users\joda\code\cgi\apache-tomcat-10.0.7\conf\logging.properties
04-Jul-2021 09:41:26.674 INFO [main] org.apache.catalina.startup.VersionLoggerListener.log Command line argument: -Djava.util.logging.manager=org.apache.juli.ClassLoaderLogManager
04-Jul-2021 09:41:26.674 INFO [main] org.apache.catalina.startup.VersionLoggerListener.log Command line argument: -Djdk.tls.ephemeralDHKeySize=2048
04-Jul-2021 09:41:26.675 INFO [main] org.apache.catalina.startup.VersionLoggerListener.log Command line argument: -Djava.protocol.handler.pkgs=org.apache.catalina.webresources
04-Jul-2021 09:41:26.675 INFO [main] org.apache.catalina.startup.VersionLoggerListener.log Command line argument: -Dignore.endorsed.dirs=
04-Jul-2021 09:41:26.676 INFO [main] org.apache.catalina.startup.VersionLoggerListener.log Command line argument: -Dcatalina.base=C:\Users\joda\code\cgi\apache-tomcat-10.0.7
04-Jul-2021 09:41:26.677 INFO [main] org.apache.catalina.startup.VersionLoggerListener.log Command line argument: -Dcatalina.home=C:\Users\joda\code\cgi\apache-tomcat-10.0.7
04-Jul-2021 09:41:26.677 INFO [main] org.apache.catalina.startup.VersionLoggerListener.log Command line argument: -Djava.io.tmpdir=C:\Users\joda\code\cgi\apache-tomcat-10.0.7\temp
04-Jul-2021 09:41:26.683 INFO [main] org.apache.catalina.core.AprLifecycleListener.lifecycleEvent Loaded Apache Tomcat Native library [1.2.30] using APR version [1.7.0].
04-Jul-2021 09:41:26.685 INFO [main] org.apache.catalina.core.AprLifecycleListener.lifecycleEvent APR capabilities: IPv6 [true], sendfile [true], accept filters [false], random [true], UDS [true].
04-Jul-2021 09:41:26.689 INFO [main] org.apache.catalina.core.AprLifecycleListener.initializeSSL OpenSSL successfully initialized [OpenSSL 1.1.1k  25 Mar 2021]
04-Jul-2021 09:41:26.918 INFO [main] org.apache.coyote.AbstractProtocol.init Initializing ProtocolHandler ["http-nio-8080"]
04-Jul-2021 09:41:26.941 INFO [main] org.apache.catalina.startup.Catalina.load Server initialization in [437] milliseconds
04-Jul-2021 09:41:26.983 INFO [main] org.apache.catalina.core.StandardService.startInternal Starting service [Catalina]
04-Jul-2021 09:41:26.983 INFO [main] org.apache.catalina.core.StandardEngine.startInternal Starting Servlet engine: [Apache Tomcat/10.0.7]
04-Jul-2021 09:41:26.996 INFO [main] org.apache.catalina.startup.HostConfig.deployDirectory Deploying web application directory [C:\Users\joda\code\cgi\apache-tomcat-10.0.7\webapps\backend]
04-Jul-2021 09:41:27.290 INFO [main] org.apache.catalina.startup.HostConfig.deployDirectory Deployment of web application directory [C:\Users\joda\code\cgi\apache-tomcat-10.0.7\webapps\backend] has finished in [293] ms
04-Jul-2021 09:41:27.291 INFO [main] org.apache.catalina.startup.HostConfig.deployDirectory Deploying web application directory [C:\Users\joda\code\cgi\apache-tomcat-10.0.7\webapps\docs]
04-Jul-2021 09:41:27.323 INFO [main] org.apache.catalina.startup.HostConfig.deployDirectory Deployment of web application directory [C:\Users\joda\code\cgi\apache-tomcat-10.0.7\webapps\docs] has finished in [31] ms
04-Jul-2021 09:41:27.323 INFO [main] org.apache.catalina.startup.HostConfig.deployDirectory Deploying web application directory [C:\Users\joda\code\cgi\apache-tomcat-10.0.7\webapps\examples]
04-Jul-2021 09:41:27.678 INFO [main] org.apache.catalina.startup.HostConfig.deployDirectory Deployment of web application directory [C:\Users\joda\code\cgi\apache-tomcat-10.0.7\webapps\examples] has finished in [355] ms
04-Jul-2021 09:41:27.678 INFO [main] org.apache.catalina.startup.HostConfig.deployDirectory Deploying web application directory [C:\Users\joda\code\cgi\apache-tomcat-10.0.7\webapps\frontend]
04-Jul-2021 09:41:27.698 INFO [main] org.apache.catalina.startup.HostConfig.deployDirectory Deployment of web application directory [C:\Users\joda\code\cgi\apache-tomcat-10.0.7\webapps\frontend] has finished in [20] ms
04-Jul-2021 09:41:27.699 INFO [main] org.apache.catalina.startup.HostConfig.deployDirectory Deploying web application directory [C:\Users\joda\code\cgi\apache-tomcat-10.0.7\webapps\host-manager]
04-Jul-2021 09:41:27.730 INFO [main] org.apache.catalina.startup.HostConfig.deployDirectory Deployment of web application directory [C:\Users\joda\code\cgi\apache-tomcat-10.0.7\webapps\host-manager] has finished in [31] ms
04-Jul-2021 09:41:27.730 INFO [main] org.apache.catalina.startup.HostConfig.deployDirectory Deploying web application directory [C:\Users\joda\code\cgi\apache-tomcat-10.0.7\webapps\manager]
04-Jul-2021 09:41:27.759 INFO [main] org.apache.catalina.startup.HostConfig.deployDirectory Deployment of web application directory [C:\Users\joda\code\cgi\apache-tomcat-10.0.7\webapps\manager] has finished in [29] ms
04-Jul-2021 09:41:27.760 INFO [main] org.apache.catalina.startup.HostConfig.deployDirectory Deploying web application directory [C:\Users\joda\code\cgi\apache-tomcat-10.0.7\webapps\ROOT]
04-Jul-2021 09:41:27.783 INFO [main] org.apache.catalina.startup.HostConfig.deployDirectory Deployment of web application directory [C:\Users\joda\code\cgi\apache-tomcat-10.0.7\webapps\ROOT] has finished in [23] ms
04-Jul-2021 09:41:27.786 INFO [main] org.apache.coyote.AbstractProtocol.start Starting ProtocolHandler ["http-nio-8080"]
04-Jul-2021 09:41:27.843 INFO [main] org.apache.catalina.startup.Catalina.start Server startup in [900] milliseconds
04-Jul-2021 09:43:21.614 INFO [main] org.apache.catalina.core.StandardServer.await A valid shutdown command was received via the shutdown port. Stopping the Server instance.
04-Jul-2021 09:43:21.615 INFO [main] org.apache.coyote.AbstractProtocol.pause Pausing ProtocolHandler ["http-nio-8080"]
04-Jul-2021 09:43:21.631 INFO [main] org.apache.catalina.core.StandardService.stopInternal Stopping service [Catalina]
04-Jul-2021 09:43:21.651 INFO [main] org.apache.coyote.AbstractProtocol.stop Stopping ProtocolHandler ["http-nio-8080"]
04-Jul-2021 09:43:21.676 INFO [main] org.apache.coyote.AbstractProtocol.destroy Destroying ProtocolHandler ["http-nio-8080"]
04-Jul-2021 09:51:52.598 INFO [main] org.apache.catalina.startup.VersionLoggerListener.log Server version name:   Apache Tomcat/10.0.7
04-Jul-2021 09:51:52.602 INFO [main] org.apache.catalina.startup.VersionLoggerListener.log Server built:          Jun 8 2021 16:31:06 UTC
04-Jul-2021 09:51:52.602 INFO [main] org.apache.catalina.startup.VersionLoggerListener.log Server version number: 10.0.7.0
04-Jul-2021 09:51:52.602 INFO [main] org.apache.catalina.startup.VersionLoggerListener.log OS Name:               Windows 10
04-Jul-2021 09:51:52.602 INFO [main] org.apache.catalina.startup.VersionLoggerListener.log OS Version:            10.0
04-Jul-2021 09:51:52.603 INFO [main] org.apache.catalina.startup.VersionLoggerListener.log Architecture:          amd64
04-Jul-2021 09:51:52.603 INFO [main] org.apache.catalina.startup.VersionLoggerListener.log Java Home:             C:\Program Files\Microsoft\jdk-16.0.1.9-hotspot
04-Jul-2021 09:51:52.603 INFO [main] org.apache.catalina.startup.VersionLoggerListener.log JVM Version:           16.0.1+9
04-Jul-2021 09:51:52.603 INFO [main] org.apache.catalina.startup.VersionLoggerListener.log JVM Vendor:            Microsoft
04-Jul-2021 09:51:52.603 INFO [main] org.apache.catalina.startup.VersionLoggerListener.log CATALINA_BASE:         C:\Users\joda\code\cgi\tomcat
04-Jul-2021 09:51:52.603 INFO [main] org.apache.catalina.startup.VersionLoggerListener.log CATALINA_HOME:         C:\Users\joda\code\cgi\tomcat
04-Jul-2021 09:51:52.613 INFO [main] org.apache.catalina.startup.VersionLoggerListener.log Command line argument: --add-opens=java.base/java.lang=ALL-UNNAMED
04-Jul-2021 09:51:52.614 INFO [main] org.apache.catalina.startup.VersionLoggerListener.log Command line argument: --add-opens=java.base/java.io=ALL-UNNAMED
04-Jul-2021 09:51:52.615 INFO [main] org.apache.catalina.startup.VersionLoggerListener.log Command line argument: --add-opens=java.base/java.util=ALL-UNNAMED
04-Jul-2021 09:51:52.615 INFO [main] org.apache.catalina.startup.VersionLoggerListener.log Command line argument: --add-opens=java.base/java.util.concurrent=ALL-UNNAMED
04-Jul-2021 09:51:52.615 INFO [main] org.apache.catalina.startup.VersionLoggerListener.log Command line argument: --add-opens=java.rmi/sun.rmi.transport=ALL-UNNAMED
04-Jul-2021 09:51:52.615 INFO [main] org.apache.catalina.startup.VersionLoggerListener.log Command line argument: -Djava.util.logging.config.file=C:\Users\joda\code\cgi\tomcat\conf\logging.properties
04-Jul-2021 09:51:52.615 INFO [main] org.apache.catalina.startup.VersionLoggerListener.log Command line argument: -Djava.util.logging.manager=org.apache.juli.ClassLoaderLogManager
04-Jul-2021 09:51:52.616 INFO [main] org.apache.catalina.startup.VersionLoggerListener.log Command line argument: -Djdk.tls.ephemeralDHKeySize=2048
04-Jul-2021 09:51:52.616 INFO [main] org.apache.catalina.startup.VersionLoggerListener.log Command line argument: -Djava.protocol.handler.pkgs=org.apache.catalina.webresources
04-Jul-2021 09:51:52.616 INFO [main] org.apache.catalina.startup.VersionLoggerListener.log Command line argument: -Dignore.endorsed.dirs=
04-Jul-2021 09:51:52.616 INFO [main] org.apache.catalina.startup.VersionLoggerListener.log Command line argument: -Dcatalina.base=C:\Users\joda\code\cgi\tomcat
04-Jul-2021 09:51:52.617 INFO [main] org.apache.catalina.startup.VersionLoggerListener.log Command line argument: -Dcatalina.home=C:\Users\joda\code\cgi\tomcat
04-Jul-2021 09:51:52.617 INFO [main] org.apache.catalina.startup.VersionLoggerListener.log Command line argument: -Djava.io.tmpdir=C:\Users\joda\code\cgi\tomcat\temp
04-Jul-2021 09:51:52.620 INFO [main] org.apache.catalina.core.AprLifecycleListener.lifecycleEvent Loaded Apache Tomcat Native library [1.2.30] using APR version [1.7.0].
04-Jul-2021 09:51:52.620 INFO [main] org.apache.catalina.core.AprLifecycleListener.lifecycleEvent APR capabilities: IPv6 [true], sendfile [true], accept filters [false], random [true], UDS [true].
04-Jul-2021 09:51:52.623 INFO [main] org.apache.catalina.core.AprLifecycleListener.initializeSSL OpenSSL successfully initialized [OpenSSL 1.1.1k  25 Mar 2021]
04-Jul-2021 09:51:52.814 INFO [main] org.apache.coyote.AbstractProtocol.init Initializing ProtocolHandler ["http-nio-8080"]
04-Jul-2021 09:51:52.832 INFO [main] org.apache.catalina.startup.Catalina.load Server initialization in [352] milliseconds
04-Jul-2021 09:51:52.867 INFO [main] org.apache.catalina.core.StandardService.startInternal Starting service [Catalina]
04-Jul-2021 09:51:52.867 INFO [main] org.apache.catalina.core.StandardEngine.startInternal Starting Servlet engine: [Apache Tomcat/10.0.7]
04-Jul-2021 09:51:52.876 INFO [main] org.apache.catalina.startup.HostConfig.deployDirectory Deploying web application directory [C:\Users\joda\code\cgi\tomcat\webapps\backend]
04-Jul-2021 09:51:53.102 INFO [main] org.apache.catalina.startup.HostConfig.deployDirectory Deployment of web application directory [C:\Users\joda\code\cgi\tomcat\webapps\backend] has finished in [225] ms
04-Jul-2021 09:51:53.102 INFO [main] org.apache.catalina.startup.HostConfig.deployDirectory Deploying web application directory [C:\Users\joda\code\cgi\tomcat\webapps\docs]
04-Jul-2021 09:51:53.130 INFO [main] org.apache.catalina.startup.HostConfig.deployDirectory Deployment of web application directory [C:\Users\joda\code\cgi\tomcat\webapps\docs] has finished in [28] ms
04-Jul-2021 09:51:53.130 INFO [main] org.apache.catalina.startup.HostConfig.deployDirectory Deploying web application directory [C:\Users\joda\code\cgi\tomcat\webapps\examples]
04-Jul-2021 09:51:53.433 INFO [main] org.apache.catalina.startup.HostConfig.deployDirectory Deployment of web application directory [C:\Users\joda\code\cgi\tomcat\webapps\examples] has finished in [303] ms
04-Jul-2021 09:51:53.434 INFO [main] org.apache.catalina.startup.HostConfig.deployDirectory Deploying web application directory [C:\Users\joda\code\cgi\tomcat\webapps\frontend]
04-Jul-2021 09:51:53.455 INFO [main] org.apache.catalina.startup.HostConfig.deployDirectory Deployment of web application directory [C:\Users\joda\code\cgi\tomcat\webapps\frontend] has finished in [21] ms
04-Jul-2021 09:51:53.456 INFO [main] org.apache.catalina.startup.HostConfig.deployDirectory Deploying web application directory [C:\Users\joda\code\cgi\tomcat\webapps\host-manager]
04-Jul-2021 09:51:53.481 INFO [main] org.apache.catalina.startup.HostConfig.deployDirectory Deployment of web application directory [C:\Users\joda\code\cgi\tomcat\webapps\host-manager] has finished in [26] ms
04-Jul-2021 09:51:53.482 INFO [main] org.apache.catalina.startup.HostConfig.deployDirectory Deploying web application directory [C:\Users\joda\code\cgi\tomcat\webapps\manager]
04-Jul-2021 09:51:53.505 INFO [main] org.apache.catalina.startup.HostConfig.deployDirectory Deployment of web application directory [C:\Users\joda\code\cgi\tomcat\webapps\manager] has finished in [23] ms
04-Jul-2021 09:51:53.505 INFO [main] org.apache.catalina.startup.HostConfig.deployDirectory Deploying web application directory [C:\Users\joda\code\cgi\tomcat\webapps\ROOT]
04-Jul-2021 09:51:53.525 INFO [main] org.apache.catalina.startup.HostConfig.deployDirectory Deployment of web application directory [C:\Users\joda\code\cgi\tomcat\webapps\ROOT] has finished in [20] ms
04-Jul-2021 09:51:53.528 INFO [main] org.apache.coyote.AbstractProtocol.start Starting ProtocolHandler ["http-nio-8080"]
04-Jul-2021 09:51:53.584 INFO [main] org.apache.catalina.startup.Catalina.start Server startup in [751] milliseconds
04-Jul-2021 10:22:44.361 INFO [main] org.apache.catalina.startup.VersionLoggerListener.log Server version name:   Apache Tomcat/10.0.7
04-Jul-2021 10:22:44.364 INFO [main] org.apache.catalina.startup.VersionLoggerListener.log Server built:          Jun 8 2021 16:31:06 UTC
04-Jul-2021 10:22:44.364 INFO [main] org.apache.catalina.startup.VersionLoggerListener.log Server version number: 10.0.7.0
04-Jul-2021 10:22:44.364 INFO [main] org.apache.catalina.startup.VersionLoggerListener.log OS Name:               Windows 10
04-Jul-2021 10:22:44.364 INFO [main] org.apache.catalina.startup.VersionLoggerListener.log OS Version:            10.0
04-Jul-2021 10:22:44.364 INFO [main] org.apache.catalina.startup.VersionLoggerListener.log Architecture:          amd64
04-Jul-2021 10:22:44.364 INFO [main] org.apache.catalina.startup.VersionLoggerListener.log Java Home:             C:\Program Files\Microsoft\jdk-16.0.1.9-hotspot
04-Jul-2021 10:22:44.364 INFO [main] org.apache.catalina.startup.VersionLoggerListener.log JVM Version:           16.0.1+9
04-Jul-2021 10:22:44.364 INFO [main] org.apache.catalina.startup.VersionLoggerListener.log JVM Vendor:            Microsoft
04-Jul-2021 10:22:44.365 INFO [main] org.apache.catalina.startup.VersionLoggerListener.log CATALINA_BASE:         C:\Users\joda\code\cgi\tomcat
04-Jul-2021 10:22:44.365 INFO [main] org.apache.catalina.startup.VersionLoggerListener.log CATALINA_HOME:         C:\Users\joda\code\cgi\tomcat
04-Jul-2021 10:22:44.373 INFO [main] org.apache.catalina.startup.VersionLoggerListener.log Command line argument: --add-opens=java.base/java.lang=ALL-UNNAMED
04-Jul-2021 10:22:44.373 INFO [main] org.apache.catalina.startup.VersionLoggerListener.log Command line argument: --add-opens=java.base/java.io=ALL-UNNAMED
04-Jul-2021 10:22:44.373 INFO [main] org.apache.catalina.startup.VersionLoggerListener.log Command line argument: --add-opens=java.base/java.util=ALL-UNNAMED
04-Jul-2021 10:22:44.373 INFO [main] org.apache.catalina.startup.VersionLoggerListener.log Command line argument: --add-opens=java.base/java.util.concurrent=ALL-UNNAMED
04-Jul-2021 10:22:44.374 INFO [main] org.apache.catalina.startup.VersionLoggerListener.log Command line argument: --add-opens=java.rmi/sun.rmi.transport=ALL-UNNAMED
04-Jul-2021 10:22:44.374 INFO [main] org.apache.catalina.startup.VersionLoggerListener.log Command line argument: -Djava.util.logging.config.file=C:\Users\joda\code\cgi\tomcat\conf\logging.properties
04-Jul-2021 10:22:44.374 INFO [main] org.apache.catalina.startup.VersionLoggerListener.log Command line argument: -Djava.util.logging.manager=org.apache.juli.ClassLoaderLogManager
04-Jul-2021 10:22:44.375 INFO [main] org.apache.catalina.startup.VersionLoggerListener.log Command line argument: -Djdk.tls.ephemeralDHKeySize=2048
04-Jul-2021 10:22:44.375 INFO [main] org.apache.catalina.startup.VersionLoggerListener.log Command line argument: -Djava.protocol.handler.pkgs=org.apache.catalina.webresources
04-Jul-2021 10:22:44.375 INFO [main] org.apache.catalina.startup.VersionLoggerListener.log Command line argument: -Dignore.endorsed.dirs=
04-Jul-2021 10:22:44.375 INFO [main] org.apache.catalina.startup.VersionLoggerListener.log Command line argument: -Dcatalina.base=C:\Users\joda\code\cgi\tomcat
04-Jul-2021 10:22:44.376 INFO [main] org.apache.catalina.startup.VersionLoggerListener.log Command line argument: -Dcatalina.home=C:\Users\joda\code\cgi\tomcat
04-Jul-2021 10:22:44.376 INFO [main] org.apache.catalina.startup.VersionLoggerListener.log Command line argument: -Djava.io.tmpdir=C:\Users\joda\code\cgi\tomcat\temp
04-Jul-2021 10:22:44.379 INFO [main] org.apache.catalina.core.AprLifecycleListener.lifecycleEvent Loaded Apache Tomcat Native library [1.2.30] using APR version [1.7.0].
04-Jul-2021 10:22:44.379 INFO [main] org.apache.catalina.core.AprLifecycleListener.lifecycleEvent APR capabilities: IPv6 [true], sendfile [true], accept filters [false], random [true], UDS [true].
04-Jul-2021 10:22:44.383 INFO [main] org.apache.catalina.core.AprLifecycleListener.initializeSSL OpenSSL successfully initialized [OpenSSL 1.1.1k  25 Mar 2021]
04-Jul-2021 10:22:44.558 INFO [main] org.apache.coyote.AbstractProtocol.init Initializing ProtocolHandler ["http-nio-8080"]
04-Jul-2021 10:22:44.568 SEVERE [main] org.apache.catalina.util.LifecycleBase.handleSubClassException Failed to initialize component [Connector[HTTP/1.1-8080]]
	org.apache.catalina.LifecycleException: Protocol handler initialization failed
		at org.apache.catalina.connector.Connector.initInternal(Connector.java:1054)
		at org.apache.catalina.util.LifecycleBase.init(LifecycleBase.java:136)
		at org.apache.catalina.core.StandardService.initInternal(StandardService.java:561)
		at org.apache.catalina.util.LifecycleBase.init(LifecycleBase.java:136)
		at org.apache.catalina.core.StandardServer.initInternal(StandardServer.java:1049)
		at org.apache.catalina.util.LifecycleBase.init(LifecycleBase.java:136)
		at org.apache.catalina.startup.Catalina.load(Catalina.java:747)
		at org.apache.catalina.startup.Catalina.load(Catalina.java:769)
		at java.base/jdk.internal.reflect.NativeMethodAccessorImpl.invoke0(Native Method)
		at java.base/jdk.internal.reflect.NativeMethodAccessorImpl.invoke(NativeMethodAccessorImpl.java:78)
		at java.base/jdk.internal.reflect.DelegatingMethodAccessorImpl.invoke(DelegatingMethodAccessorImpl.java:43)
		at java.base/java.lang.reflect.Method.invoke(Method.java:567)
		at org.apache.catalina.startup.Bootstrap.load(Bootstrap.java:305)
		at org.apache.catalina.startup.Bootstrap.main(Bootstrap.java:475)
	Caused by: java.net.BindException: Address already in use: bind
		at java.base/sun.nio.ch.Net.bind0(Native Method)
		at java.base/sun.nio.ch.Net.bind(Net.java:552)
		at java.base/sun.nio.ch.ServerSocketChannelImpl.netBind(ServerSocketChannelImpl.java:336)
		at java.base/sun.nio.ch.ServerSocketChannelImpl.bind(ServerSocketChannelImpl.java:294)
		at org.apache.tomcat.util.net.NioEndpoint.initServerSocket(NioEndpoint.java:243)
		at org.apache.tomcat.util.net.NioEndpoint.bind(NioEndpoint.java:198)
		at org.apache.tomcat.util.net.AbstractEndpoint.bindWithCleanup(AbstractEndpoint.java:1179)
		at org.apache.tomcat.util.net.AbstractEndpoint.init(AbstractEndpoint.java:1192)
		at org.apache.coyote.AbstractProtocol.init(AbstractProtocol.java:580)
		at org.apache.coyote.http11.AbstractHttp11Protocol.init(AbstractHttp11Protocol.java:82)
		at org.apache.catalina.connector.Connector.initInternal(Connector.java:1051)
		... 13 more
04-Jul-2021 10:22:44.570 INFO [main] org.apache.catalina.startup.Catalina.load Server initialization in [328] milliseconds
04-Jul-2021 10:22:44.600 INFO [main] org.apache.catalina.core.StandardService.startInternal Starting service [Catalina]
04-Jul-2021 10:22:44.601 INFO [main] org.apache.catalina.core.StandardEngine.startInternal Starting Servlet engine: [Apache Tomcat/10.0.7]
04-Jul-2021 10:22:44.608 INFO [main] org.apache.catalina.startup.HostConfig.deployDirectory Deploying web application directory [C:\Users\joda\code\cgi\tomcat\webapps\backend]
04-Jul-2021 10:22:44.862 INFO [main] org.apache.catalina.startup.HostConfig.deployDirectory Deployment of web application directory [C:\Users\joda\code\cgi\tomcat\webapps\backend] has finished in [255] ms
04-Jul-2021 10:22:44.863 INFO [main] org.apache.catalina.startup.HostConfig.deployDirectory Deploying web application directory [C:\Users\joda\code\cgi\tomcat\webapps\docs]
04-Jul-2021 10:22:44.893 INFO [main] org.apache.catalina.startup.HostConfig.deployDirectory Deployment of web application directory [C:\Users\joda\code\cgi\tomcat\webapps\docs] has finished in [30] ms
04-Jul-2021 10:22:44.894 INFO [main] org.apache.catalina.startup.HostConfig.deployDirectory Deploying web application directory [C:\Users\joda\code\cgi\tomcat\webapps\examples]
04-Jul-2021 10:22:45.295 INFO [main] org.apache.catalina.startup.HostConfig.deployDirectory Deployment of web application directory [C:\Users\joda\code\cgi\tomcat\webapps\examples] has finished in [401] ms
04-Jul-2021 10:22:45.296 INFO [main] org.apache.catalina.startup.HostConfig.deployDirectory Deploying web application directory [C:\Users\joda\code\cgi\tomcat\webapps\frontend]
04-Jul-2021 10:22:45.322 INFO [main] org.apache.catalina.startup.HostConfig.deployDirectory Deployment of web application directory [C:\Users\joda\code\cgi\tomcat\webapps\frontend] has finished in [26] ms
04-Jul-2021 10:22:45.323 INFO [main] org.apache.catalina.startup.HostConfig.deployDirectory Deploying web application directory [C:\Users\joda\code\cgi\tomcat\webapps\host-manager]
04-Jul-2021 10:22:45.356 INFO [main] org.apache.catalina.startup.HostConfig.deployDirectory Deployment of web application directory [C:\Users\joda\code\cgi\tomcat\webapps\host-manager] has finished in [32] ms
04-Jul-2021 10:22:45.356 INFO [main] org.apache.catalina.startup.HostConfig.deployDirectory Deploying web application directory [C:\Users\joda\code\cgi\tomcat\webapps\manager]
04-Jul-2021 10:22:45.386 INFO [main] org.apache.catalina.startup.HostConfig.deployDirectory Deployment of web application directory [C:\Users\joda\code\cgi\tomcat\webapps\manager] has finished in [30] ms
04-Jul-2021 10:22:45.387 INFO [main] org.apache.catalina.startup.HostConfig.deployDirectory Deploying web application directory [C:\Users\joda\code\cgi\tomcat\webapps\ROOT]
04-Jul-2021 10:22:45.414 INFO [main] org.apache.catalina.startup.HostConfig.deployDirectory Deployment of web application directory [C:\Users\joda\code\cgi\tomcat\webapps\ROOT] has finished in [26] ms
04-Jul-2021 10:22:45.417 INFO [main] org.apache.catalina.startup.Catalina.start Server startup in [847] milliseconds
04-Jul-2021 10:22:45.423 SEVERE [main] org.apache.catalina.core.StandardServer.await Failed to create server shutdown socket on address [localhost] and port [8005] (base port [8005] and offset [0])
	java.net.BindException: Address already in use: bind
		at java.base/sun.nio.ch.Net.bind0(Native Method)
		at java.base/sun.nio.ch.Net.bind(Net.java:552)
		at java.base/sun.nio.ch.Net.bind(Net.java:541)
		at java.base/sun.nio.ch.NioSocketImpl.bind(NioSocketImpl.java:643)
		at java.base/java.net.ServerSocket.bind(ServerSocket.java:395)
		at java.base/java.net.ServerSocket.<init>(ServerSocket.java:281)
		at org.apache.catalina.core.StandardServer.await(StandardServer.java:584)
		at org.apache.catalina.startup.Catalina.await(Catalina.java:887)
		at org.apache.catalina.startup.Catalina.start(Catalina.java:833)
		at java.base/jdk.internal.reflect.NativeMethodAccessorImpl.invoke0(Native Method)
		at java.base/jdk.internal.reflect.NativeMethodAccessorImpl.invoke(NativeMethodAccessorImpl.java:78)
		at java.base/jdk.internal.reflect.DelegatingMethodAccessorImpl.invoke(DelegatingMethodAccessorImpl.java:43)
		at java.base/java.lang.reflect.Method.invoke(Method.java:567)
		at org.apache.catalina.startup.Bootstrap.start(Bootstrap.java:345)
		at org.apache.catalina.startup.Bootstrap.main(Bootstrap.java:476)
04-Jul-2021 10:22:45.424 INFO [main] org.apache.coyote.AbstractProtocol.pause Pausing ProtocolHandler ["http-nio-8080"]
04-Jul-2021 10:22:45.425 INFO [main] org.apache.catalina.core.StandardService.stopInternal Stopping service [Catalina]
04-Jul-2021 10:22:45.448 INFO [main] org.apache.coyote.AbstractProtocol.stop Stopping ProtocolHandler ["http-nio-8080"]
04-Jul-2021 10:22:45.449 INFO [main] org.apache.coyote.AbstractProtocol.destroy Destroying ProtocolHandler ["http-nio-8080"]
04-Jul-2021 10:23:01.873 INFO [main] org.apache.catalina.core.StandardServer.await A valid shutdown command was received via the shutdown port. Stopping the Server instance.
04-Jul-2021 10:23:01.874 INFO [main] org.apache.coyote.AbstractProtocol.pause Pausing ProtocolHandler ["http-nio-8080"]
04-Jul-2021 10:23:01.888 INFO [main] org.apache.catalina.core.StandardService.stopInternal Stopping service [Catalina]
04-Jul-2021 10:23:01.906 INFO [main] org.apache.coyote.AbstractProtocol.stop Stopping ProtocolHandler ["http-nio-8080"]
04-Jul-2021 10:23:01.935 INFO [main] org.apache.coyote.AbstractProtocol.destroy Destroying ProtocolHandler ["http-nio-8080"]
04-Jul-2021 10:25:35.392 INFO [main] org.apache.catalina.startup.VersionLoggerListener.log Server version name:   Apache Tomcat/10.0.7
04-Jul-2021 10:25:35.395 INFO [main] org.apache.catalina.startup.VersionLoggerListener.log Server built:          Jun 8 2021 16:31:06 UTC
04-Jul-2021 10:25:35.395 INFO [main] org.apache.catalina.startup.VersionLoggerListener.log Server version number: 10.0.7.0
04-Jul-2021 10:25:35.396 INFO [main] org.apache.catalina.startup.VersionLoggerListener.log OS Name:               Windows 10
04-Jul-2021 10:25:35.396 INFO [main] org.apache.catalina.startup.VersionLoggerListener.log OS Version:            10.0
04-Jul-2021 10:25:35.396 INFO [main] org.apache.catalina.startup.VersionLoggerListener.log Architecture:          amd64
04-Jul-2021 10:25:35.396 INFO [main] org.apache.catalina.startup.VersionLoggerListener.log Java Home:             C:\Program Files\Microsoft\jdk-16.0.1.9-hotspot
04-Jul-2021 10:25:35.396 INFO [main] org.apache.catalina.startup.VersionLoggerListener.log JVM Version:           16.0.1+9
04-Jul-2021 10:25:35.396 INFO [main] org.apache.catalina.startup.VersionLoggerListener.log JVM Vendor:            Microsoft
04-Jul-2021 10:25:35.396 INFO [main] org.apache.catalina.startup.VersionLoggerListener.log CATALINA_BASE:         C:\Users\joda\code\cgi\tomcat
04-Jul-2021 10:25:35.397 INFO [main] org.apache.catalina.startup.VersionLoggerListener.log CATALINA_HOME:         C:\Users\joda\code\cgi\tomcat
04-Jul-2021 10:25:35.407 INFO [main] org.apache.catalina.startup.VersionLoggerListener.log Command line argument: --add-opens=java.base/java.lang=ALL-UNNAMED
04-Jul-2021 10:25:35.407 INFO [main] org.apache.catalina.startup.VersionLoggerListener.log Command line argument: --add-opens=java.base/java.io=ALL-UNNAMED
04-Jul-2021 10:25:35.407 INFO [main] org.apache.catalina.startup.VersionLoggerListener.log Command line argument: --add-opens=java.base/java.util=ALL-UNNAMED
04-Jul-2021 10:25:35.407 INFO [main] org.apache.catalina.startup.VersionLoggerListener.log Command line argument: --add-opens=java.base/java.util.concurrent=ALL-UNNAMED
04-Jul-2021 10:25:35.408 INFO [main] org.apache.catalina.startup.VersionLoggerListener.log Command line argument: --add-opens=java.rmi/sun.rmi.transport=ALL-UNNAMED
04-Jul-2021 10:25:35.410 INFO [main] org.apache.catalina.startup.VersionLoggerListener.log Command line argument: -Djava.util.logging.config.file=C:\Users\joda\code\cgi\tomcat\conf\logging.properties
04-Jul-2021 10:25:35.410 INFO [main] org.apache.catalina.startup.VersionLoggerListener.log Command line argument: -Djava.util.logging.manager=org.apache.juli.ClassLoaderLogManager
04-Jul-2021 10:25:35.410 INFO [main] org.apache.catalina.startup.VersionLoggerListener.log Command line argument: -Djdk.tls.ephemeralDHKeySize=2048
04-Jul-2021 10:25:35.411 INFO [main] org.apache.catalina.startup.VersionLoggerListener.log Command line argument: -Djava.protocol.handler.pkgs=org.apache.catalina.webresources
04-Jul-2021 10:25:35.411 INFO [main] org.apache.catalina.startup.VersionLoggerListener.log Command line argument: -Dignore.endorsed.dirs=
04-Jul-2021 10:25:35.411 INFO [main] org.apache.catalina.startup.VersionLoggerListener.log Command line argument: -Dcatalina.base=C:\Users\joda\code\cgi\tomcat
04-Jul-2021 10:25:35.412 INFO [main] org.apache.catalina.startup.VersionLoggerListener.log Command line argument: -Dcatalina.home=C:\Users\joda\code\cgi\tomcat
04-Jul-2021 10:25:35.412 INFO [main] org.apache.catalina.startup.VersionLoggerListener.log Command line argument: -Djava.io.tmpdir=C:\Users\joda\code\cgi\tomcat\temp
04-Jul-2021 10:25:35.415 INFO [main] org.apache.catalina.core.AprLifecycleListener.lifecycleEvent Loaded Apache Tomcat Native library [1.2.30] using APR version [1.7.0].
04-Jul-2021 10:25:35.415 INFO [main] org.apache.catalina.core.AprLifecycleListener.lifecycleEvent APR capabilities: IPv6 [true], sendfile [true], accept filters [false], random [true], UDS [true].
04-Jul-2021 10:25:35.419 INFO [main] org.apache.catalina.core.AprLifecycleListener.initializeSSL OpenSSL successfully initialized [OpenSSL 1.1.1k  25 Mar 2021]
04-Jul-2021 10:25:35.600 INFO [main] org.apache.coyote.AbstractProtocol.init Initializing ProtocolHandler ["http-nio-8080"]
04-Jul-2021 10:25:35.617 INFO [main] org.apache.catalina.startup.Catalina.load Server initialization in [359] milliseconds
04-Jul-2021 10:25:35.648 INFO [main] org.apache.catalina.core.StandardService.startInternal Starting service [Catalina]
04-Jul-2021 10:25:35.648 INFO [main] org.apache.catalina.core.StandardEngine.startInternal Starting Servlet engine: [Apache Tomcat/10.0.7]
04-Jul-2021 10:25:35.656 INFO [main] org.apache.catalina.startup.HostConfig.deployDirectory Deploying web application directory [C:\Users\joda\code\cgi\tomcat\webapps\backend]
04-Jul-2021 10:25:35.891 INFO [main] org.apache.catalina.startup.HostConfig.deployDirectory Deployment of web application directory [C:\Users\joda\code\cgi\tomcat\webapps\backend] has finished in [235] ms
04-Jul-2021 10:25:35.892 INFO [main] org.apache.catalina.startup.HostConfig.deployDirectory Deploying web application directory [C:\Users\joda\code\cgi\tomcat\webapps\docs]
04-Jul-2021 10:25:35.918 INFO [main] org.apache.catalina.startup.HostConfig.deployDirectory Deployment of web application directory [C:\Users\joda\code\cgi\tomcat\webapps\docs] has finished in [26] ms
04-Jul-2021 10:25:35.919 INFO [main] org.apache.catalina.startup.HostConfig.deployDirectory Deploying web application directory [C:\Users\joda\code\cgi\tomcat\webapps\examples]
04-Jul-2021 10:25:36.225 INFO [main] org.apache.catalina.startup.HostConfig.deployDirectory Deployment of web application directory [C:\Users\joda\code\cgi\tomcat\webapps\examples] has finished in [306] ms
04-Jul-2021 10:25:36.225 INFO [main] org.apache.catalina.startup.HostConfig.deployDirectory Deploying web application directory [C:\Users\joda\code\cgi\tomcat\webapps\frontend]
04-Jul-2021 10:25:36.243 INFO [main] org.apache.catalina.startup.HostConfig.deployDirectory Deployment of web application directory [C:\Users\joda\code\cgi\tomcat\webapps\frontend] has finished in [18] ms
04-Jul-2021 10:25:36.244 INFO [main] org.apache.catalina.startup.HostConfig.deployDirectory Deploying web application directory [C:\Users\joda\code\cgi\tomcat\webapps\host-manager]
04-Jul-2021 10:25:36.269 INFO [main] org.apache.catalina.startup.HostConfig.deployDirectory Deployment of web application directory [C:\Users\joda\code\cgi\tomcat\webapps\host-manager] has finished in [25] ms
04-Jul-2021 10:25:36.270 INFO [main] org.apache.catalina.startup.HostConfig.deployDirectory Deploying web application directory [C:\Users\joda\code\cgi\tomcat\webapps\manager]
04-Jul-2021 10:25:36.296 INFO [main] org.apache.catalina.startup.HostConfig.deployDirectory Deployment of web application directory [C:\Users\joda\code\cgi\tomcat\webapps\manager] has finished in [26] ms
04-Jul-2021 10:25:36.296 INFO [main] org.apache.catalina.startup.HostConfig.deployDirectory Deploying web application directory [C:\Users\joda\code\cgi\tomcat\webapps\ROOT]
04-Jul-2021 10:25:36.315 INFO [main] org.apache.catalina.startup.HostConfig.deployDirectory Deployment of web application directory [C:\Users\joda\code\cgi\tomcat\webapps\ROOT] has finished in [19] ms
04-Jul-2021 10:25:36.317 INFO [main] org.apache.coyote.AbstractProtocol.start Starting ProtocolHandler ["http-nio-8080"]
04-Jul-2021 10:25:36.372 INFO [main] org.apache.catalina.startup.Catalina.start Server startup in [754] milliseconds
04-Jul-2021 10:57:24.029 INFO [main] org.apache.catalina.core.StandardServer.await A valid shutdown command was received via the shutdown port. Stopping the Server instance.
04-Jul-2021 10:57:24.030 INFO [main] org.apache.coyote.AbstractProtocol.pause Pausing ProtocolHandler ["http-nio-8080"]
04-Jul-2021 10:57:24.046 INFO [main] org.apache.catalina.core.StandardService.stopInternal Stopping service [Catalina]
04-Jul-2021 10:57:24.065 INFO [main] org.apache.coyote.AbstractProtocol.stop Stopping ProtocolHandler ["http-nio-8080"]
04-Jul-2021 10:57:24.091 INFO [main] org.apache.coyote.AbstractProtocol.destroy Destroying ProtocolHandler ["http-nio-8080"]
04-Jul-2021 10:57:26.516 INFO [main] org.apache.catalina.startup.VersionLoggerListener.log Server version name:   Apache Tomcat/10.0.7
04-Jul-2021 10:57:26.518 INFO [main] org.apache.catalina.startup.VersionLoggerListener.log Server built:          Jun 8 2021 16:31:06 UTC
04-Jul-2021 10:57:26.518 INFO [main] org.apache.catalina.startup.VersionLoggerListener.log Server version number: 10.0.7.0
04-Jul-2021 10:57:26.518 INFO [main] org.apache.catalina.startup.VersionLoggerListener.log OS Name:               Windows 10
04-Jul-2021 10:57:26.519 INFO [main] org.apache.catalina.startup.VersionLoggerListener.log OS Version:            10.0
04-Jul-2021 10:57:26.519 INFO [main] org.apache.catalina.startup.VersionLoggerListener.log Architecture:          amd64
04-Jul-2021 10:57:26.519 INFO [main] org.apache.catalina.startup.VersionLoggerListener.log Java Home:             C:\Program Files\Microsoft\jdk-16.0.1.9-hotspot
04-Jul-2021 10:57:26.519 INFO [main] org.apache.catalina.startup.VersionLoggerListener.log JVM Version:           16.0.1+9
04-Jul-2021 10:57:26.519 INFO [main] org.apache.catalina.startup.VersionLoggerListener.log JVM Vendor:            Microsoft
04-Jul-2021 10:57:26.519 INFO [main] org.apache.catalina.startup.VersionLoggerListener.log CATALINA_BASE:         C:\Users\joda\code\cgi\tomcat
04-Jul-2021 10:57:26.519 INFO [main] org.apache.catalina.startup.VersionLoggerListener.log CATALINA_HOME:         C:\Users\joda\code\cgi\tomcat
04-Jul-2021 10:57:26.528 INFO [main] org.apache.catalina.startup.VersionLoggerListener.log Command line argument: --add-opens=java.base/java.lang=ALL-UNNAMED
04-Jul-2021 10:57:26.528 INFO [main] org.apache.catalina.startup.VersionLoggerListener.log Command line argument: --add-opens=java.base/java.io=ALL-UNNAMED
04-Jul-2021 10:57:26.528 INFO [main] org.apache.catalina.startup.VersionLoggerListener.log Command line argument: --add-opens=java.base/java.util=ALL-UNNAMED
04-Jul-2021 10:57:26.529 INFO [main] org.apache.catalina.startup.VersionLoggerListener.log Command line argument: --add-opens=java.base/java.util.concurrent=ALL-UNNAMED
04-Jul-2021 10:57:26.529 INFO [main] org.apache.catalina.startup.VersionLoggerListener.log Command line argument: --add-opens=java.rmi/sun.rmi.transport=ALL-UNNAMED
04-Jul-2021 10:57:26.529 INFO [main] org.apache.catalina.startup.VersionLoggerListener.log Command line argument: -Djava.util.logging.config.file=C:\Users\joda\code\cgi\tomcat\conf\logging.properties
04-Jul-2021 10:57:26.529 INFO [main] org.apache.catalina.startup.VersionLoggerListener.log Command line argument: -Djava.util.logging.manager=org.apache.juli.ClassLoaderLogManager
04-Jul-2021 10:57:26.530 INFO [main] org.apache.catalina.startup.VersionLoggerListener.log Command line argument: -Djdk.tls.ephemeralDHKeySize=2048
04-Jul-2021 10:57:26.530 INFO [main] org.apache.catalina.startup.VersionLoggerListener.log Command line argument: -Djava.protocol.handler.pkgs=org.apache.catalina.webresources
04-Jul-2021 10:57:26.530 INFO [main] org.apache.catalina.startup.VersionLoggerListener.log Command line argument: -Dignore.endorsed.dirs=
04-Jul-2021 10:57:26.530 INFO [main] org.apache.catalina.startup.VersionLoggerListener.log Command line argument: -Dcatalina.base=C:\Users\joda\code\cgi\tomcat
04-Jul-2021 10:57:26.531 INFO [main] org.apache.catalina.startup.VersionLoggerListener.log Command line argument: -Dcatalina.home=C:\Users\joda\code\cgi\tomcat
04-Jul-2021 10:57:26.531 INFO [main] org.apache.catalina.startup.VersionLoggerListener.log Command line argument: -Djava.io.tmpdir=C:\Users\joda\code\cgi\tomcat\temp
04-Jul-2021 10:57:26.534 INFO [main] org.apache.catalina.core.AprLifecycleListener.lifecycleEvent Loaded Apache Tomcat Native library [1.2.30] using APR version [1.7.0].
04-Jul-2021 10:57:26.534 INFO [main] org.apache.catalina.core.AprLifecycleListener.lifecycleEvent APR capabilities: IPv6 [true], sendfile [true], accept filters [false], random [true], UDS [true].
04-Jul-2021 10:57:26.537 INFO [main] org.apache.catalina.core.AprLifecycleListener.initializeSSL OpenSSL successfully initialized [OpenSSL 1.1.1k  25 Mar 2021]
04-Jul-2021 10:57:26.714 INFO [main] org.apache.coyote.AbstractProtocol.init Initializing ProtocolHandler ["http-nio-8080"]
04-Jul-2021 10:57:26.734 INFO [main] org.apache.catalina.startup.Catalina.load Server initialization in [336] milliseconds
04-Jul-2021 10:57:26.768 INFO [main] org.apache.catalina.core.StandardService.startInternal Starting service [Catalina]
04-Jul-2021 10:57:26.768 INFO [main] org.apache.catalina.core.StandardEngine.startInternal Starting Servlet engine: [Apache Tomcat/10.0.7]
04-Jul-2021 10:57:26.778 INFO [main] org.apache.catalina.startup.HostConfig.deployDirectory Deploying web application directory [C:\Users\joda\code\cgi\tomcat\webapps\backend]
04-Jul-2021 10:57:27.042 INFO [main] org.apache.catalina.startup.HostConfig.deployDirectory Deployment of web application directory [C:\Users\joda\code\cgi\tomcat\webapps\backend] has finished in [263] ms
04-Jul-2021 10:57:27.042 INFO [main] org.apache.catalina.startup.HostConfig.deployDirectory Deploying web application directory [C:\Users\joda\code\cgi\tomcat\webapps\docs]
04-Jul-2021 10:57:27.070 INFO [main] org.apache.catalina.startup.HostConfig.deployDirectory Deployment of web application directory [C:\Users\joda\code\cgi\tomcat\webapps\docs] has finished in [27] ms
04-Jul-2021 10:57:27.070 INFO [main] org.apache.catalina.startup.HostConfig.deployDirectory Deploying web application directory [C:\Users\joda\code\cgi\tomcat\webapps\examples]
04-Jul-2021 10:57:27.402 INFO [main] org.apache.catalina.startup.HostConfig.deployDirectory Deployment of web application directory [C:\Users\joda\code\cgi\tomcat\webapps\examples] has finished in [331] ms
04-Jul-2021 10:57:27.402 INFO [main] org.apache.catalina.startup.HostConfig.deployDirectory Deploying web application directory [C:\Users\joda\code\cgi\tomcat\webapps\frontend]
04-Jul-2021 10:57:27.427 INFO [main] org.apache.catalina.startup.HostConfig.deployDirectory Deployment of web application directory [C:\Users\joda\code\cgi\tomcat\webapps\frontend] has finished in [25] ms
04-Jul-2021 10:57:27.427 INFO [main] org.apache.catalina.startup.HostConfig.deployDirectory Deploying web application directory [C:\Users\joda\code\cgi\tomcat\webapps\host-manager]
04-Jul-2021 10:57:27.458 INFO [main] org.apache.catalina.startup.HostConfig.deployDirectory Deployment of web application directory [C:\Users\joda\code\cgi\tomcat\webapps\host-manager] has finished in [31] ms
04-Jul-2021 10:57:27.458 INFO [main] org.apache.catalina.startup.HostConfig.deployDirectory Deploying web application directory [C:\Users\joda\code\cgi\tomcat\webapps\manager]
04-Jul-2021 10:57:27.485 INFO [main] org.apache.catalina.startup.HostConfig.deployDirectory Deployment of web application directory [C:\Users\joda\code\cgi\tomcat\webapps\manager] has finished in [27] ms
04-Jul-2021 10:57:27.485 INFO [main] org.apache.catalina.startup.HostConfig.deployDirectory Deploying web application directory [C:\Users\joda\code\cgi\tomcat\webapps\ROOT]
04-Jul-2021 10:57:27.511 INFO [main] org.apache.catalina.startup.HostConfig.deployDirectory Deployment of web application directory [C:\Users\joda\code\cgi\tomcat\webapps\ROOT] has finished in [26] ms
04-Jul-2021 10:57:27.514 INFO [main] org.apache.coyote.AbstractProtocol.start Starting ProtocolHandler ["http-nio-8080"]
04-Jul-2021 10:57:27.576 INFO [main] org.apache.catalina.startup.Catalina.start Server startup in [840] milliseconds
04-Jul-2021 10:59:12.990 INFO [main] org.apache.catalina.core.StandardServer.await A valid shutdown command was received via the shutdown port. Stopping the Server instance.
04-Jul-2021 10:59:12.991 INFO [main] org.apache.coyote.AbstractProtocol.pause Pausing ProtocolHandler ["http-nio-8080"]
04-Jul-2021 10:59:13.006 INFO [main] org.apache.catalina.core.StandardService.stopInternal Stopping service [Catalina]
04-Jul-2021 10:59:13.023 INFO [main] org.apache.coyote.AbstractProtocol.stop Stopping ProtocolHandler ["http-nio-8080"]
04-Jul-2021 10:59:13.052 INFO [main] org.apache.coyote.AbstractProtocol.destroy Destroying ProtocolHandler ["http-nio-8080"]
04-Jul-2021 10:59:21.424 INFO [main] org.apache.catalina.startup.VersionLoggerListener.log Server version name:   Apache Tomcat/10.0.7
04-Jul-2021 10:59:21.427 INFO [main] org.apache.catalina.startup.VersionLoggerListener.log Server built:          Jun 8 2021 16:31:06 UTC
04-Jul-2021 10:59:21.427 INFO [main] org.apache.catalina.startup.VersionLoggerListener.log Server version number: 10.0.7.0
04-Jul-2021 10:59:21.427 INFO [main] org.apache.catalina.startup.VersionLoggerListener.log OS Name:               Windows 10
04-Jul-2021 10:59:21.427 INFO [main] org.apache.catalina.startup.VersionLoggerListener.log OS Version:            10.0
04-Jul-2021 10:59:21.427 INFO [main] org.apache.catalina.startup.VersionLoggerListener.log Architecture:          amd64
04-Jul-2021 10:59:21.427 INFO [main] org.apache.catalina.startup.VersionLoggerListener.log Java Home:             C:\Program Files\Microsoft\jdk-16.0.1.9-hotspot
04-Jul-2021 10:59:21.428 INFO [main] org.apache.catalina.startup.VersionLoggerListener.log JVM Version:           16.0.1+9
04-Jul-2021 10:59:21.428 INFO [main] org.apache.catalina.startup.VersionLoggerListener.log JVM Vendor:            Microsoft
04-Jul-2021 10:59:21.428 INFO [main] org.apache.catalina.startup.VersionLoggerListener.log CATALINA_BASE:         C:\Users\joda\code\cgi\tomcat
04-Jul-2021 10:59:21.428 INFO [main] org.apache.catalina.startup.VersionLoggerListener.log CATALINA_HOME:         C:\Users\joda\code\cgi\tomcat
04-Jul-2021 10:59:21.436 INFO [main] org.apache.catalina.startup.VersionLoggerListener.log Command line argument: --add-opens=java.base/java.lang=ALL-UNNAMED
04-Jul-2021 10:59:21.438 INFO [main] org.apache.catalina.startup.VersionLoggerListener.log Command line argument: --add-opens=java.base/java.io=ALL-UNNAMED
04-Jul-2021 10:59:21.438 INFO [main] org.apache.catalina.startup.VersionLoggerListener.log Command line argument: --add-opens=java.base/java.util=ALL-UNNAMED
04-Jul-2021 10:59:21.438 INFO [main] org.apache.catalina.startup.VersionLoggerListener.log Command line argument: --add-opens=java.base/java.util.concurrent=ALL-UNNAMED
04-Jul-2021 10:59:21.438 INFO [main] org.apache.catalina.startup.VersionLoggerListener.log Command line argument: --add-opens=java.rmi/sun.rmi.transport=ALL-UNNAMED
04-Jul-2021 10:59:21.439 INFO [main] org.apache.catalina.startup.VersionLoggerListener.log Command line argument: -Djava.util.logging.config.file=C:\Users\joda\code\cgi\tomcat\conf\logging.properties
04-Jul-2021 10:59:21.440 INFO [main] org.apache.catalina.startup.VersionLoggerListener.log Command line argument: -Djava.util.logging.manager=org.apache.juli.ClassLoaderLogManager
04-Jul-2021 10:59:21.441 INFO [main] org.apache.catalina.startup.VersionLoggerListener.log Command line argument: -Djdk.tls.ephemeralDHKeySize=2048
04-Jul-2021 10:59:21.441 INFO [main] org.apache.catalina.startup.VersionLoggerListener.log Command line argument: -Djava.protocol.handler.pkgs=org.apache.catalina.webresources
04-Jul-2021 10:59:21.441 INFO [main] org.apache.catalina.startup.VersionLoggerListener.log Command line argument: -Dignore.endorsed.dirs=
04-Jul-2021 10:59:21.441 INFO [main] org.apache.catalina.startup.VersionLoggerListener.log Command line argument: -Dcatalina.base=C:\Users\joda\code\cgi\tomcat
04-Jul-2021 10:59:21.442 INFO [main] org.apache.catalina.startup.VersionLoggerListener.log Command line argument: -Dcatalina.home=C:\Users\joda\code\cgi\tomcat
04-Jul-2021 10:59:21.442 INFO [main] org.apache.catalina.startup.VersionLoggerListener.log Command line argument: -Djava.io.tmpdir=C:\Users\joda\code\cgi\tomcat\temp
04-Jul-2021 10:59:21.444 INFO [main] org.apache.catalina.core.AprLifecycleListener.lifecycleEvent Loaded Apache Tomcat Native library [1.2.30] using APR version [1.7.0].
04-Jul-2021 10:59:21.445 INFO [main] org.apache.catalina.core.AprLifecycleListener.lifecycleEvent APR capabilities: IPv6 [true], sendfile [true], accept filters [false], random [true], UDS [true].
04-Jul-2021 10:59:21.448 INFO [main] org.apache.catalina.core.AprLifecycleListener.initializeSSL OpenSSL successfully initialized [OpenSSL 1.1.1k  25 Mar 2021]
04-Jul-2021 10:59:21.629 INFO [main] org.apache.coyote.AbstractProtocol.init Initializing ProtocolHandler ["http-nio-8080"]
04-Jul-2021 10:59:21.648 INFO [main] org.apache.catalina.startup.Catalina.load Server initialization in [341] milliseconds
04-Jul-2021 10:59:21.681 INFO [main] org.apache.catalina.core.StandardService.startInternal Starting service [Catalina]
04-Jul-2021 10:59:21.681 INFO [main] org.apache.catalina.core.StandardEngine.startInternal Starting Servlet engine: [Apache Tomcat/10.0.7]
04-Jul-2021 10:59:21.690 INFO [main] org.apache.catalina.startup.HostConfig.deployDirectory Deploying web application directory [C:\Users\joda\code\cgi\tomcat\webapps\backend]
04-Jul-2021 10:59:21.943 INFO [main] org.apache.catalina.startup.HostConfig.deployDirectory Deployment of web application directory [C:\Users\joda\code\cgi\tomcat\webapps\backend] has finished in [253] ms
04-Jul-2021 10:59:21.944 INFO [main] org.apache.catalina.startup.HostConfig.deployDirectory Deploying web application directory [C:\Users\joda\code\cgi\tomcat\webapps\docs]
04-Jul-2021 10:59:21.973 INFO [main] org.apache.catalina.startup.HostConfig.deployDirectory Deployment of web application directory [C:\Users\joda\code\cgi\tomcat\webapps\docs] has finished in [29] ms
04-Jul-2021 10:59:21.974 INFO [main] org.apache.catalina.startup.HostConfig.deployDirectory Deploying web application directory [C:\Users\joda\code\cgi\tomcat\webapps\examples]
04-Jul-2021 10:59:22.292 INFO [main] org.apache.catalina.startup.HostConfig.deployDirectory Deployment of web application directory [C:\Users\joda\code\cgi\tomcat\webapps\examples] has finished in [318] ms
04-Jul-2021 10:59:22.293 INFO [main] org.apache.catalina.startup.HostConfig.deployDirectory Deploying web application directory [C:\Users\joda\code\cgi\tomcat\webapps\frontend]
04-Jul-2021 10:59:22.317 INFO [main] org.apache.catalina.startup.HostConfig.deployDirectory Deployment of web application directory [C:\Users\joda\code\cgi\tomcat\webapps\frontend] has finished in [24] ms
04-Jul-2021 10:59:22.317 INFO [main] org.apache.catalina.startup.HostConfig.deployDirectory Deploying web application directory [C:\Users\joda\code\cgi\tomcat\webapps\host-manager]
04-Jul-2021 10:59:22.347 INFO [main] org.apache.catalina.startup.HostConfig.deployDirectory Deployment of web application directory [C:\Users\joda\code\cgi\tomcat\webapps\host-manager] has finished in [29] ms
04-Jul-2021 10:59:22.347 INFO [main] org.apache.catalina.startup.HostConfig.deployDirectory Deploying web application directory [C:\Users\joda\code\cgi\tomcat\webapps\manager]
04-Jul-2021 10:59:22.374 INFO [main] org.apache.catalina.startup.HostConfig.deployDirectory Deployment of web application directory [C:\Users\joda\code\cgi\tomcat\webapps\manager] has finished in [27] ms
04-Jul-2021 10:59:22.375 INFO [main] org.apache.catalina.startup.HostConfig.deployDirectory Deploying web application directory [C:\Users\joda\code\cgi\tomcat\webapps\ROOT]
04-Jul-2021 10:59:22.396 INFO [main] org.apache.catalina.startup.HostConfig.deployDirectory Deployment of web application directory [C:\Users\joda\code\cgi\tomcat\webapps\ROOT] has finished in [22] ms
04-Jul-2021 10:59:22.400 INFO [main] org.apache.coyote.AbstractProtocol.start Starting ProtocolHandler ["http-nio-8080"]
04-Jul-2021 10:59:22.464 INFO [main] org.apache.catalina.startup.Catalina.start Server startup in [815] milliseconds
04-Jul-2021 10:59:53.742 INFO [main] org.apache.catalina.core.StandardServer.await A valid shutdown command was received via the shutdown port. Stopping the Server instance.
04-Jul-2021 10:59:53.743 INFO [main] org.apache.coyote.AbstractProtocol.pause Pausing ProtocolHandler ["http-nio-8080"]
04-Jul-2021 10:59:53.757 INFO [main] org.apache.catalina.core.StandardService.stopInternal Stopping service [Catalina]
04-Jul-2021 10:59:53.773 INFO [main] org.apache.coyote.AbstractProtocol.stop Stopping ProtocolHandler ["http-nio-8080"]
04-Jul-2021 10:59:53.803 INFO [main] org.apache.coyote.AbstractProtocol.destroy Destroying ProtocolHandler ["http-nio-8080"]
04-Jul-2021 11:00:28.921 INFO [main] org.apache.catalina.startup.VersionLoggerListener.log Server version name:   Apache Tomcat/10.0.7
04-Jul-2021 11:00:28.923 INFO [main] org.apache.catalina.startup.VersionLoggerListener.log Server built:          Jun 8 2021 16:31:06 UTC
04-Jul-2021 11:00:28.924 INFO [main] org.apache.catalina.startup.VersionLoggerListener.log Server version number: 10.0.7.0
04-Jul-2021 11:00:28.924 INFO [main] org.apache.catalina.startup.VersionLoggerListener.log OS Name:               Windows 10
04-Jul-2021 11:00:28.924 INFO [main] org.apache.catalina.startup.VersionLoggerListener.log OS Version:            10.0
04-Jul-2021 11:00:28.924 INFO [main] org.apache.catalina.startup.VersionLoggerListener.log Architecture:          amd64
04-Jul-2021 11:00:28.924 INFO [main] org.apache.catalina.startup.VersionLoggerListener.log Java Home:             C:\Program Files\Microsoft\jdk-16.0.1.9-hotspot
04-Jul-2021 11:00:28.924 INFO [main] org.apache.catalina.startup.VersionLoggerListener.log JVM Version:           16.0.1+9
04-Jul-2021 11:00:28.924 INFO [main] org.apache.catalina.startup.VersionLoggerListener.log JVM Vendor:            Microsoft
04-Jul-2021 11:00:28.924 INFO [main] org.apache.catalina.startup.VersionLoggerListener.log CATALINA_BASE:         C:\Users\joda\code\cgi\tomcat
04-Jul-2021 11:00:28.925 INFO [main] org.apache.catalina.startup.VersionLoggerListener.log CATALINA_HOME:         C:\Users\joda\code\cgi\tomcat
04-Jul-2021 11:00:28.933 INFO [main] org.apache.catalina.startup.VersionLoggerListener.log Command line argument: --add-opens=java.base/java.lang=ALL-UNNAMED
04-Jul-2021 11:00:28.933 INFO [main] org.apache.catalina.startup.VersionLoggerListener.log Command line argument: --add-opens=java.base/java.io=ALL-UNNAMED
04-Jul-2021 11:00:28.933 INFO [main] org.apache.catalina.startup.VersionLoggerListener.log Command line argument: --add-opens=java.base/java.util=ALL-UNNAMED
04-Jul-2021 11:00:28.933 INFO [main] org.apache.catalina.startup.VersionLoggerListener.log Command line argument: --add-opens=java.base/java.util.concurrent=ALL-UNNAMED
04-Jul-2021 11:00:28.933 INFO [main] org.apache.catalina.startup.VersionLoggerListener.log Command line argument: --add-opens=java.rmi/sun.rmi.transport=ALL-UNNAMED
04-Jul-2021 11:00:28.934 INFO [main] org.apache.catalina.startup.VersionLoggerListener.log Command line argument: -Djava.util.logging.config.file=C:\Users\joda\code\cgi\tomcat\conf\logging.properties
04-Jul-2021 11:00:28.934 INFO [main] org.apache.catalina.startup.VersionLoggerListener.log Command line argument: -Djava.util.logging.manager=org.apache.juli.ClassLoaderLogManager
04-Jul-2021 11:00:28.934 INFO [main] org.apache.catalina.startup.VersionLoggerListener.log Command line argument: -Djdk.tls.ephemeralDHKeySize=2048
04-Jul-2021 11:00:28.934 INFO [main] org.apache.catalina.startup.VersionLoggerListener.log Command line argument: -Djava.protocol.handler.pkgs=org.apache.catalina.webresources
04-Jul-2021 11:00:28.935 INFO [main] org.apache.catalina.startup.VersionLoggerListener.log Command line argument: -Dignore.endorsed.dirs=
04-Jul-2021 11:00:28.935 INFO [main] org.apache.catalina.startup.VersionLoggerListener.log Command line argument: -Dcatalina.base=C:\Users\joda\code\cgi\tomcat
04-Jul-2021 11:00:28.935 INFO [main] org.apache.catalina.startup.VersionLoggerListener.log Command line argument: -Dcatalina.home=C:\Users\joda\code\cgi\tomcat
04-Jul-2021 11:00:28.935 INFO [main] org.apache.catalina.startup.VersionLoggerListener.log Command line argument: -Djava.io.tmpdir=C:\Users\joda\code\cgi\tomcat\temp
04-Jul-2021 11:00:28.938 INFO [main] org.apache.catalina.core.AprLifecycleListener.lifecycleEvent Loaded Apache Tomcat Native library [1.2.30] using APR version [1.7.0].
04-Jul-2021 11:00:28.938 INFO [main] org.apache.catalina.core.AprLifecycleListener.lifecycleEvent APR capabilities: IPv6 [true], sendfile [true], accept filters [false], random [true], UDS [true].
04-Jul-2021 11:00:28.942 INFO [main] org.apache.catalina.core.AprLifecycleListener.initializeSSL OpenSSL successfully initialized [OpenSSL 1.1.1k  25 Mar 2021]
04-Jul-2021 11:00:29.121 INFO [main] org.apache.coyote.AbstractProtocol.init Initializing ProtocolHandler ["http-nio-8080"]
04-Jul-2021 11:00:29.141 INFO [main] org.apache.catalina.startup.Catalina.load Server initialization in [348] milliseconds
04-Jul-2021 11:00:29.175 INFO [main] org.apache.catalina.core.StandardService.startInternal Starting service [Catalina]
04-Jul-2021 11:00:29.175 INFO [main] org.apache.catalina.core.StandardEngine.startInternal Starting Servlet engine: [Apache Tomcat/10.0.7]
04-Jul-2021 11:00:29.184 INFO [main] org.apache.catalina.startup.HostConfig.deployDirectory Deploying web application directory [C:\Users\joda\code\cgi\tomcat\webapps\backend]
04-Jul-2021 11:00:29.441 INFO [main] org.apache.catalina.startup.HostConfig.deployDirectory Deployment of web application directory [C:\Users\joda\code\cgi\tomcat\webapps\backend] has finished in [257] ms
04-Jul-2021 11:00:29.441 INFO [main] org.apache.catalina.startup.HostConfig.deployDirectory Deploying web application directory [C:\Users\joda\code\cgi\tomcat\webapps\docs]
04-Jul-2021 11:00:29.470 INFO [main] org.apache.catalina.startup.HostConfig.deployDirectory Deployment of web application directory [C:\Users\joda\code\cgi\tomcat\webapps\docs] has finished in [29] ms
04-Jul-2021 11:00:29.470 INFO [main] org.apache.catalina.startup.HostConfig.deployDirectory Deploying web application directory [C:\Users\joda\code\cgi\tomcat\webapps\examples]
04-Jul-2021 11:00:29.785 INFO [main] org.apache.catalina.startup.HostConfig.deployDirectory Deployment of web application directory [C:\Users\joda\code\cgi\tomcat\webapps\examples] has finished in [315] ms
04-Jul-2021 11:00:29.786 INFO [main] org.apache.catalina.startup.HostConfig.deployDirectory Deploying web application directory [C:\Users\joda\code\cgi\tomcat\webapps\frontend]
04-Jul-2021 11:00:29.810 INFO [main] org.apache.catalina.startup.HostConfig.deployDirectory Deployment of web application directory [C:\Users\joda\code\cgi\tomcat\webapps\frontend] has finished in [24] ms
04-Jul-2021 11:00:29.811 INFO [main] org.apache.catalina.startup.HostConfig.deployDirectory Deploying web application directory [C:\Users\joda\code\cgi\tomcat\webapps\host-manager]
04-Jul-2021 11:00:29.846 INFO [main] org.apache.catalina.startup.HostConfig.deployDirectory Deployment of web application directory [C:\Users\joda\code\cgi\tomcat\webapps\host-manager] has finished in [34] ms
04-Jul-2021 11:00:29.846 INFO [main] org.apache.catalina.startup.HostConfig.deployDirectory Deploying web application directory [C:\Users\joda\code\cgi\tomcat\webapps\manager]
04-Jul-2021 11:00:29.878 INFO [main] org.apache.catalina.startup.HostConfig.deployDirectory Deployment of web application directory [C:\Users\joda\code\cgi\tomcat\webapps\manager] has finished in [32] ms
04-Jul-2021 11:00:29.878 INFO [main] org.apache.catalina.startup.HostConfig.deployDirectory Deploying web application directory [C:\Users\joda\code\cgi\tomcat\webapps\ROOT]
04-Jul-2021 11:00:29.907 INFO [main] org.apache.catalina.startup.HostConfig.deployDirectory Deployment of web application directory [C:\Users\joda\code\cgi\tomcat\webapps\ROOT] has finished in [29] ms
04-Jul-2021 11:00:29.910 INFO [main] org.apache.coyote.AbstractProtocol.start Starting ProtocolHandler ["http-nio-8080"]
04-Jul-2021 11:00:29.974 INFO [main] org.apache.catalina.startup.Catalina.start Server startup in [832] milliseconds
04-Jul-2021 11:01:56.982 INFO [main] org.apache.catalina.core.StandardServer.await A valid shutdown command was received via the shutdown port. Stopping the Server instance.
04-Jul-2021 11:01:56.983 INFO [main] org.apache.coyote.AbstractProtocol.pause Pausing ProtocolHandler ["http-nio-8080"]
04-Jul-2021 11:01:56.997 INFO [main] org.apache.catalina.core.StandardService.stopInternal Stopping service [Catalina]
04-Jul-2021 11:01:57.017 INFO [main] org.apache.coyote.AbstractProtocol.stop Stopping ProtocolHandler ["http-nio-8080"]
04-Jul-2021 11:01:57.044 INFO [main] org.apache.coyote.AbstractProtocol.destroy Destroying ProtocolHandler ["http-nio-8080"]
04-Jul-2021 11:02:02.889 INFO [main] org.apache.catalina.startup.VersionLoggerListener.log Server version name:   Apache Tomcat/10.0.7
04-Jul-2021 11:02:02.893 INFO [main] org.apache.catalina.startup.VersionLoggerListener.log Server built:          Jun 8 2021 16:31:06 UTC
04-Jul-2021 11:02:02.893 INFO [main] org.apache.catalina.startup.VersionLoggerListener.log Server version number: 10.0.7.0
04-Jul-2021 11:02:02.893 INFO [main] org.apache.catalina.startup.VersionLoggerListener.log OS Name:               Windows 10
04-Jul-2021 11:02:02.893 INFO [main] org.apache.catalina.startup.VersionLoggerListener.log OS Version:            10.0
04-Jul-2021 11:02:02.893 INFO [main] org.apache.catalina.startup.VersionLoggerListener.log Architecture:          amd64
04-Jul-2021 11:02:02.893 INFO [main] org.apache.catalina.startup.VersionLoggerListener.log Java Home:             C:\Program Files\Microsoft\jdk-16.0.1.9-hotspot
04-Jul-2021 11:02:02.894 INFO [main] org.apache.catalina.startup.VersionLoggerListener.log JVM Version:           16.0.1+9
04-Jul-2021 11:02:02.894 INFO [main] org.apache.catalina.startup.VersionLoggerListener.log JVM Vendor:            Microsoft
04-Jul-2021 11:02:02.894 INFO [main] org.apache.catalina.startup.VersionLoggerListener.log CATALINA_BASE:         C:\Users\joda\code\cgi\tomcat
04-Jul-2021 11:02:02.894 INFO [main] org.apache.catalina.startup.VersionLoggerListener.log CATALINA_HOME:         C:\Users\joda\code\cgi\tomcat
04-Jul-2021 11:02:02.903 INFO [main] org.apache.catalina.startup.VersionLoggerListener.log Command line argument: --add-opens=java.base/java.lang=ALL-UNNAMED
04-Jul-2021 11:02:02.903 INFO [main] org.apache.catalina.startup.VersionLoggerListener.log Command line argument: --add-opens=java.base/java.io=ALL-UNNAMED
04-Jul-2021 11:02:02.903 INFO [main] org.apache.catalina.startup.VersionLoggerListener.log Command line argument: --add-opens=java.base/java.util=ALL-UNNAMED
04-Jul-2021 11:02:02.904 INFO [main] org.apache.catalina.startup.VersionLoggerListener.log Command line argument: --add-opens=java.base/java.util.concurrent=ALL-UNNAMED
04-Jul-2021 11:02:02.904 INFO [main] org.apache.catalina.startup.VersionLoggerListener.log Command line argument: --add-opens=java.rmi/sun.rmi.transport=ALL-UNNAMED
04-Jul-2021 11:02:02.904 INFO [main] org.apache.catalina.startup.VersionLoggerListener.log Command line argument: -Djava.util.logging.config.file=C:\Users\joda\code\cgi\tomcat\conf\logging.properties
04-Jul-2021 11:02:02.905 INFO [main] org.apache.catalina.startup.VersionLoggerListener.log Command line argument: -Djava.util.logging.manager=org.apache.juli.ClassLoaderLogManager
04-Jul-2021 11:02:02.905 INFO [main] org.apache.catalina.startup.VersionLoggerListener.log Command line argument: -Djdk.tls.ephemeralDHKeySize=2048
04-Jul-2021 11:02:02.905 INFO [main] org.apache.catalina.startup.VersionLoggerListener.log Command line argument: -Djava.protocol.handler.pkgs=org.apache.catalina.webresources
04-Jul-2021 11:02:02.906 INFO [main] org.apache.catalina.startup.VersionLoggerListener.log Command line argument: -Dignore.endorsed.dirs=
04-Jul-2021 11:02:02.906 INFO [main] org.apache.catalina.startup.VersionLoggerListener.log Command line argument: -Dcatalina.base=C:\Users\joda\code\cgi\tomcat
04-Jul-2021 11:02:02.907 INFO [main] org.apache.catalina.startup.VersionLoggerListener.log Command line argument: -Dcatalina.home=C:\Users\joda\code\cgi\tomcat
04-Jul-2021 11:02:02.907 INFO [main] org.apache.catalina.startup.VersionLoggerListener.log Command line argument: -Djava.io.tmpdir=C:\Users\joda\code\cgi\tomcat\temp
04-Jul-2021 11:02:02.909 INFO [main] org.apache.catalina.core.AprLifecycleListener.lifecycleEvent Loaded Apache Tomcat Native library [1.2.30] using APR version [1.7.0].
04-Jul-2021 11:02:02.910 INFO [main] org.apache.catalina.core.AprLifecycleListener.lifecycleEvent APR capabilities: IPv6 [true], sendfile [true], accept filters [false], random [true], UDS [true].
04-Jul-2021 11:02:02.913 INFO [main] org.apache.catalina.core.AprLifecycleListener.initializeSSL OpenSSL successfully initialized [OpenSSL 1.1.1k  25 Mar 2021]
04-Jul-2021 11:02:03.087 INFO [main] org.apache.coyote.AbstractProtocol.init Initializing ProtocolHandler ["http-nio-8080"]
04-Jul-2021 11:02:03.106 INFO [main] org.apache.catalina.startup.Catalina.load Server initialization in [344] milliseconds
04-Jul-2021 11:02:03.142 INFO [main] org.apache.catalina.core.StandardService.startInternal Starting service [Catalina]
04-Jul-2021 11:02:03.142 INFO [main] org.apache.catalina.core.StandardEngine.startInternal Starting Servlet engine: [Apache Tomcat/10.0.7]
04-Jul-2021 11:02:03.151 INFO [main] org.apache.catalina.startup.HostConfig.deployDirectory Deploying web application directory [C:\Users\joda\code\cgi\tomcat\webapps\backend]
04-Jul-2021 11:02:03.391 INFO [main] org.apache.catalina.startup.HostConfig.deployDirectory Deployment of web application directory [C:\Users\joda\code\cgi\tomcat\webapps\backend] has finished in [240] ms
04-Jul-2021 11:02:03.391 INFO [main] org.apache.catalina.startup.HostConfig.deployDirectory Deploying web application directory [C:\Users\joda\code\cgi\tomcat\webapps\docs]
04-Jul-2021 11:02:03.418 INFO [main] org.apache.catalina.startup.HostConfig.deployDirectory Deployment of web application directory [C:\Users\joda\code\cgi\tomcat\webapps\docs] has finished in [27] ms
04-Jul-2021 11:02:03.418 INFO [main] org.apache.catalina.startup.HostConfig.deployDirectory Deploying web application directory [C:\Users\joda\code\cgi\tomcat\webapps\examples]
04-Jul-2021 11:02:03.736 INFO [main] org.apache.catalina.startup.HostConfig.deployDirectory Deployment of web application directory [C:\Users\joda\code\cgi\tomcat\webapps\examples] has finished in [318] ms
04-Jul-2021 11:02:03.737 INFO [main] org.apache.catalina.startup.HostConfig.deployDirectory Deploying web application directory [C:\Users\joda\code\cgi\tomcat\webapps\frontend]
04-Jul-2021 11:02:03.761 INFO [main] org.apache.catalina.startup.HostConfig.deployDirectory Deployment of web application directory [C:\Users\joda\code\cgi\tomcat\webapps\frontend] has finished in [25] ms
04-Jul-2021 11:02:03.762 INFO [main] org.apache.catalina.startup.HostConfig.deployDirectory Deploying web application directory [C:\Users\joda\code\cgi\tomcat\webapps\host-manager]
04-Jul-2021 11:02:03.789 INFO [main] org.apache.catalina.startup.HostConfig.deployDirectory Deployment of web application directory [C:\Users\joda\code\cgi\tomcat\webapps\host-manager] has finished in [26] ms
04-Jul-2021 11:02:03.789 INFO [main] org.apache.catalina.startup.HostConfig.deployDirectory Deploying web application directory [C:\Users\joda\code\cgi\tomcat\webapps\manager]
04-Jul-2021 11:02:03.812 INFO [main] org.apache.catalina.startup.HostConfig.deployDirectory Deployment of web application directory [C:\Users\joda\code\cgi\tomcat\webapps\manager] has finished in [23] ms
04-Jul-2021 11:02:03.813 INFO [main] org.apache.catalina.startup.HostConfig.deployDirectory Deploying web application directory [C:\Users\joda\code\cgi\tomcat\webapps\ROOT]
04-Jul-2021 11:02:03.834 INFO [main] org.apache.catalina.startup.HostConfig.deployDirectory Deployment of web application directory [C:\Users\joda\code\cgi\tomcat\webapps\ROOT] has finished in [21] ms
04-Jul-2021 11:02:03.837 INFO [main] org.apache.coyote.AbstractProtocol.start Starting ProtocolHandler ["http-nio-8080"]
04-Jul-2021 11:02:03.897 INFO [main] org.apache.catalina.startup.Catalina.start Server startup in [790] milliseconds
04-Jul-2021 11:02:49.049 INFO [main] org.apache.catalina.core.StandardServer.await A valid shutdown command was received via the shutdown port. Stopping the Server instance.
04-Jul-2021 11:02:49.049 INFO [main] org.apache.coyote.AbstractProtocol.pause Pausing ProtocolHandler ["http-nio-8080"]
04-Jul-2021 11:02:49.063 INFO [main] org.apache.catalina.core.StandardService.stopInternal Stopping service [Catalina]
04-Jul-2021 11:02:49.078 INFO [main] org.apache.coyote.AbstractProtocol.stop Stopping ProtocolHandler ["http-nio-8080"]
04-Jul-2021 11:02:49.110 INFO [main] org.apache.coyote.AbstractProtocol.destroy Destroying ProtocolHandler ["http-nio-8080"]
04-Jul-2021 11:04:29.260 INFO [main] org.apache.catalina.startup.VersionLoggerListener.log Server version name:   Apache Tomcat/10.0.7
04-Jul-2021 11:04:29.263 INFO [main] org.apache.catalina.startup.VersionLoggerListener.log Server built:          Jun 8 2021 16:31:06 UTC
04-Jul-2021 11:04:29.263 INFO [main] org.apache.catalina.startup.VersionLoggerListener.log Server version number: 10.0.7.0
04-Jul-2021 11:04:29.263 INFO [main] org.apache.catalina.startup.VersionLoggerListener.log OS Name:               Windows 10
04-Jul-2021 11:04:29.263 INFO [main] org.apache.catalina.startup.VersionLoggerListener.log OS Version:            10.0
04-Jul-2021 11:04:29.263 INFO [main] org.apache.catalina.startup.VersionLoggerListener.log Architecture:          amd64
04-Jul-2021 11:04:29.263 INFO [main] org.apache.catalina.startup.VersionLoggerListener.log Java Home:             C:\Program Files\Microsoft\jdk-16.0.1.9-hotspot
04-Jul-2021 11:04:29.263 INFO [main] org.apache.catalina.startup.VersionLoggerListener.log JVM Version:           16.0.1+9
04-Jul-2021 11:04:29.264 INFO [main] org.apache.catalina.startup.VersionLoggerListener.log JVM Vendor:            Microsoft
04-Jul-2021 11:04:29.264 INFO [main] org.apache.catalina.startup.VersionLoggerListener.log CATALINA_BASE:         C:\Users\joda\code\cgi\tomcat
04-Jul-2021 11:04:29.264 INFO [main] org.apache.catalina.startup.VersionLoggerListener.log CATALINA_HOME:         C:\Users\joda\code\cgi\tomcat
04-Jul-2021 11:04:29.272 INFO [main] org.apache.catalina.startup.VersionLoggerListener.log Command line argument: --add-opens=java.base/java.lang=ALL-UNNAMED
04-Jul-2021 11:04:29.272 INFO [main] org.apache.catalina.startup.VersionLoggerListener.log Command line argument: --add-opens=java.base/java.io=ALL-UNNAMED
04-Jul-2021 11:04:29.272 INFO [main] org.apache.catalina.startup.VersionLoggerListener.log Command line argument: --add-opens=java.base/java.util=ALL-UNNAMED
04-Jul-2021 11:04:29.272 INFO [main] org.apache.catalina.startup.VersionLoggerListener.log Command line argument: --add-opens=java.base/java.util.concurrent=ALL-UNNAMED
04-Jul-2021 11:04:29.273 INFO [main] org.apache.catalina.startup.VersionLoggerListener.log Command line argument: --add-opens=java.rmi/sun.rmi.transport=ALL-UNNAMED
04-Jul-2021 11:04:29.273 INFO [main] org.apache.catalina.startup.VersionLoggerListener.log Command line argument: -Djava.util.logging.config.file=C:\Users\joda\code\cgi\tomcat\conf\logging.properties
04-Jul-2021 11:04:29.273 INFO [main] org.apache.catalina.startup.VersionLoggerListener.log Command line argument: -Djava.util.logging.manager=org.apache.juli.ClassLoaderLogManager
04-Jul-2021 11:04:29.274 INFO [main] org.apache.catalina.startup.VersionLoggerListener.log Command line argument: -Djdk.tls.ephemeralDHKeySize=2048
04-Jul-2021 11:04:29.274 INFO [main] org.apache.catalina.startup.VersionLoggerListener.log Command line argument: -Djava.protocol.handler.pkgs=org.apache.catalina.webresources
04-Jul-2021 11:04:29.274 INFO [main] org.apache.catalina.startup.VersionLoggerListener.log Command line argument: -Dignore.endorsed.dirs=
04-Jul-2021 11:04:29.274 INFO [main] org.apache.catalina.startup.VersionLoggerListener.log Command line argument: -Dcatalina.base=C:\Users\joda\code\cgi\tomcat
04-Jul-2021 11:04:29.275 INFO [main] org.apache.catalina.startup.VersionLoggerListener.log Command line argument: -Dcatalina.home=C:\Users\joda\code\cgi\tomcat
04-Jul-2021 11:04:29.275 INFO [main] org.apache.catalina.startup.VersionLoggerListener.log Command line argument: -Djava.io.tmpdir=C:\Users\joda\code\cgi\tomcat\temp
04-Jul-2021 11:04:29.277 INFO [main] org.apache.catalina.core.AprLifecycleListener.lifecycleEvent Loaded Apache Tomcat Native library [1.2.30] using APR version [1.7.0].
04-Jul-2021 11:04:29.277 INFO [main] org.apache.catalina.core.AprLifecycleListener.lifecycleEvent APR capabilities: IPv6 [true], sendfile [true], accept filters [false], random [true], UDS [true].
04-Jul-2021 11:04:29.280 INFO [main] org.apache.catalina.core.AprLifecycleListener.initializeSSL OpenSSL successfully initialized [OpenSSL 1.1.1k  25 Mar 2021]
04-Jul-2021 11:04:29.455 INFO [main] org.apache.coyote.AbstractProtocol.init Initializing ProtocolHandler ["http-nio-8080"]
04-Jul-2021 11:04:29.471 INFO [main] org.apache.catalina.startup.Catalina.load Server initialization in [327] milliseconds
04-Jul-2021 11:04:29.502 INFO [main] org.apache.catalina.core.StandardService.startInternal Starting service [Catalina]
04-Jul-2021 11:04:29.502 INFO [main] org.apache.catalina.core.StandardEngine.startInternal Starting Servlet engine: [Apache Tomcat/10.0.7]
04-Jul-2021 11:04:29.509 INFO [main] org.apache.catalina.startup.HostConfig.deployDirectory Deploying web application directory [C:\Users\joda\code\cgi\tomcat\webapps\backend]
04-Jul-2021 11:04:29.754 INFO [main] org.apache.catalina.startup.HostConfig.deployDirectory Deployment of web application directory [C:\Users\joda\code\cgi\tomcat\webapps\backend] has finished in [244] ms
04-Jul-2021 11:04:29.754 INFO [main] org.apache.catalina.startup.HostConfig.deployDirectory Deploying web application directory [C:\Users\joda\code\cgi\tomcat\webapps\docs]
04-Jul-2021 11:04:29.788 INFO [main] org.apache.catalina.startup.HostConfig.deployDirectory Deployment of web application directory [C:\Users\joda\code\cgi\tomcat\webapps\docs] has finished in [34] ms
04-Jul-2021 11:04:29.789 INFO [main] org.apache.catalina.startup.HostConfig.deployDirectory Deploying web application directory [C:\Users\joda\code\cgi\tomcat\webapps\examples]
04-Jul-2021 11:04:30.119 INFO [main] org.apache.catalina.startup.HostConfig.deployDirectory Deployment of web application directory [C:\Users\joda\code\cgi\tomcat\webapps\examples] has finished in [330] ms
04-Jul-2021 11:04:30.120 INFO [main] org.apache.catalina.startup.HostConfig.deployDirectory Deploying web application directory [C:\Users\joda\code\cgi\tomcat\webapps\frontend]
04-Jul-2021 11:04:30.142 INFO [main] org.apache.catalina.startup.HostConfig.deployDirectory Deployment of web application directory [C:\Users\joda\code\cgi\tomcat\webapps\frontend] has finished in [21] ms
04-Jul-2021 11:04:30.142 INFO [main] org.apache.catalina.startup.HostConfig.deployDirectory Deploying web application directory [C:\Users\joda\code\cgi\tomcat\webapps\host-manager]
04-Jul-2021 11:04:30.175 INFO [main] org.apache.catalina.startup.HostConfig.deployDirectory Deployment of web application directory [C:\Users\joda\code\cgi\tomcat\webapps\host-manager] has finished in [33] ms
04-Jul-2021 11:04:30.175 INFO [main] org.apache.catalina.startup.HostConfig.deployDirectory Deploying web application directory [C:\Users\joda\code\cgi\tomcat\webapps\manager]
04-Jul-2021 11:04:30.204 INFO [main] org.apache.catalina.startup.HostConfig.deployDirectory Deployment of web application directory [C:\Users\joda\code\cgi\tomcat\webapps\manager] has finished in [29] ms
04-Jul-2021 11:04:30.205 INFO [main] org.apache.catalina.startup.HostConfig.deployDirectory Deploying web application directory [C:\Users\joda\code\cgi\tomcat\webapps\ROOT]
04-Jul-2021 11:04:30.228 INFO [main] org.apache.catalina.startup.HostConfig.deployDirectory Deployment of web application directory [C:\Users\joda\code\cgi\tomcat\webapps\ROOT] has finished in [24] ms
04-Jul-2021 11:04:30.231 INFO [main] org.apache.coyote.AbstractProtocol.start Starting ProtocolHandler ["http-nio-8080"]
04-Jul-2021 11:04:30.285 INFO [main] org.apache.catalina.startup.Catalina.start Server startup in [813] milliseconds
04-Jul-2021 11:06:02.927 INFO [main] org.apache.catalina.core.StandardServer.await A valid shutdown command was received via the shutdown port. Stopping the Server instance.
04-Jul-2021 11:06:02.927 INFO [main] org.apache.coyote.AbstractProtocol.pause Pausing ProtocolHandler ["http-nio-8080"]
04-Jul-2021 11:06:02.941 INFO [main] org.apache.catalina.core.StandardService.stopInternal Stopping service [Catalina]
04-Jul-2021 11:06:02.959 INFO [main] org.apache.coyote.AbstractProtocol.stop Stopping ProtocolHandler ["http-nio-8080"]
04-Jul-2021 11:06:02.989 INFO [main] org.apache.coyote.AbstractProtocol.destroy Destroying ProtocolHandler ["http-nio-8080"]
04-Jul-2021 11:06:08.535 INFO [main] org.apache.catalina.startup.VersionLoggerListener.log Server version name:   Apache Tomcat/10.0.7
04-Jul-2021 11:06:08.539 INFO [main] org.apache.catalina.startup.VersionLoggerListener.log Server built:          Jun 8 2021 16:31:06 UTC
04-Jul-2021 11:06:08.539 INFO [main] org.apache.catalina.startup.VersionLoggerListener.log Server version number: 10.0.7.0
04-Jul-2021 11:06:08.539 INFO [main] org.apache.catalina.startup.VersionLoggerListener.log OS Name:               Windows 10
04-Jul-2021 11:06:08.539 INFO [main] org.apache.catalina.startup.VersionLoggerListener.log OS Version:            10.0
04-Jul-2021 11:06:08.539 INFO [main] org.apache.catalina.startup.VersionLoggerListener.log Architecture:          amd64
04-Jul-2021 11:06:08.539 INFO [main] org.apache.catalina.startup.VersionLoggerListener.log Java Home:             C:\Program Files\Microsoft\jdk-16.0.1.9-hotspot
04-Jul-2021 11:06:08.539 INFO [main] org.apache.catalina.startup.VersionLoggerListener.log JVM Version:           16.0.1+9
04-Jul-2021 11:06:08.539 INFO [main] org.apache.catalina.startup.VersionLoggerListener.log JVM Vendor:            Microsoft
04-Jul-2021 11:06:08.540 INFO [main] org.apache.catalina.startup.VersionLoggerListener.log CATALINA_BASE:         C:\Users\joda\code\cgi\tomcat
04-Jul-2021 11:06:08.540 INFO [main] org.apache.catalina.startup.VersionLoggerListener.log CATALINA_HOME:         C:\Users\joda\code\cgi\tomcat
04-Jul-2021 11:06:08.548 INFO [main] org.apache.catalina.startup.VersionLoggerListener.log Command line argument: --add-opens=java.base/java.lang=ALL-UNNAMED
04-Jul-2021 11:06:08.548 INFO [main] org.apache.catalina.startup.VersionLoggerListener.log Command line argument: --add-opens=java.base/java.io=ALL-UNNAMED
04-Jul-2021 11:06:08.549 INFO [main] org.apache.catalina.startup.VersionLoggerListener.log Command line argument: --add-opens=java.base/java.util=ALL-UNNAMED
04-Jul-2021 11:06:08.549 INFO [main] org.apache.catalina.startup.VersionLoggerListener.log Command line argument: --add-opens=java.base/java.util.concurrent=ALL-UNNAMED
04-Jul-2021 11:06:08.549 INFO [main] org.apache.catalina.startup.VersionLoggerListener.log Command line argument: --add-opens=java.rmi/sun.rmi.transport=ALL-UNNAMED
04-Jul-2021 11:06:08.549 INFO [main] org.apache.catalina.startup.VersionLoggerListener.log Command line argument: -Djava.util.logging.config.file=C:\Users\joda\code\cgi\tomcat\conf\logging.properties
04-Jul-2021 11:06:08.550 INFO [main] org.apache.catalina.startup.VersionLoggerListener.log Command line argument: -Djava.util.logging.manager=org.apache.juli.ClassLoaderLogManager
04-Jul-2021 11:06:08.550 INFO [main] org.apache.catalina.startup.VersionLoggerListener.log Command line argument: -Djdk.tls.ephemeralDHKeySize=2048
04-Jul-2021 11:06:08.550 INFO [main] org.apache.catalina.startup.VersionLoggerListener.log Command line argument: -Djava.protocol.handler.pkgs=org.apache.catalina.webresources
04-Jul-2021 11:06:08.550 INFO [main] org.apache.catalina.startup.VersionLoggerListener.log Command line argument: -Dignore.endorsed.dirs=
04-Jul-2021 11:06:08.551 INFO [main] org.apache.catalina.startup.VersionLoggerListener.log Command line argument: -Dcatalina.base=C:\Users\joda\code\cgi\tomcat
04-Jul-2021 11:06:08.551 INFO [main] org.apache.catalina.startup.VersionLoggerListener.log Command line argument: -Dcatalina.home=C:\Users\joda\code\cgi\tomcat
04-Jul-2021 11:06:08.551 INFO [main] org.apache.catalina.startup.VersionLoggerListener.log Command line argument: -Djava.io.tmpdir=C:\Users\joda\code\cgi\tomcat\temp
04-Jul-2021 11:06:08.554 INFO [main] org.apache.catalina.core.AprLifecycleListener.lifecycleEvent Loaded Apache Tomcat Native library [1.2.30] using APR version [1.7.0].
04-Jul-2021 11:06:08.555 INFO [main] org.apache.catalina.core.AprLifecycleListener.lifecycleEvent APR capabilities: IPv6 [true], sendfile [true], accept filters [false], random [true], UDS [true].
04-Jul-2021 11:06:08.558 INFO [main] org.apache.catalina.core.AprLifecycleListener.initializeSSL OpenSSL successfully initialized [OpenSSL 1.1.1k  25 Mar 2021]
04-Jul-2021 11:06:08.742 INFO [main] org.apache.coyote.AbstractProtocol.init Initializing ProtocolHandler ["http-nio-8080"]
04-Jul-2021 11:06:08.762 INFO [main] org.apache.catalina.startup.Catalina.load Server initialization in [340] milliseconds
04-Jul-2021 11:06:08.798 INFO [main] org.apache.catalina.core.StandardService.startInternal Starting service [Catalina]
04-Jul-2021 11:06:08.798 INFO [main] org.apache.catalina.core.StandardEngine.startInternal Starting Servlet engine: [Apache Tomcat/10.0.7]
04-Jul-2021 11:06:08.809 INFO [main] org.apache.catalina.startup.HostConfig.deployDirectory Deploying web application directory [C:\Users\joda\code\cgi\tomcat\webapps\backend]
04-Jul-2021 11:06:09.067 INFO [main] org.apache.catalina.startup.HostConfig.deployDirectory Deployment of web application directory [C:\Users\joda\code\cgi\tomcat\webapps\backend] has finished in [257] ms
04-Jul-2021 11:06:09.067 INFO [main] org.apache.catalina.startup.HostConfig.deployDirectory Deploying web application directory [C:\Users\joda\code\cgi\tomcat\webapps\docs]
04-Jul-2021 11:06:09.095 INFO [main] org.apache.catalina.startup.HostConfig.deployDirectory Deployment of web application directory [C:\Users\joda\code\cgi\tomcat\webapps\docs] has finished in [27] ms
04-Jul-2021 11:06:09.095 INFO [main] org.apache.catalina.startup.HostConfig.deployDirectory Deploying web application directory [C:\Users\joda\code\cgi\tomcat\webapps\examples]
04-Jul-2021 11:06:09.398 INFO [main] org.apache.catalina.startup.HostConfig.deployDirectory Deployment of web application directory [C:\Users\joda\code\cgi\tomcat\webapps\examples] has finished in [303] ms
04-Jul-2021 11:06:09.399 INFO [main] org.apache.catalina.startup.HostConfig.deployDirectory Deploying web application directory [C:\Users\joda\code\cgi\tomcat\webapps\frontend]
04-Jul-2021 11:06:09.418 INFO [main] org.apache.catalina.startup.HostConfig.deployDirectory Deployment of web application directory [C:\Users\joda\code\cgi\tomcat\webapps\frontend] has finished in [19] ms
04-Jul-2021 11:06:09.418 INFO [main] org.apache.catalina.startup.HostConfig.deployDirectory Deploying web application directory [C:\Users\joda\code\cgi\tomcat\webapps\host-manager]
04-Jul-2021 11:06:09.446 INFO [main] org.apache.catalina.startup.HostConfig.deployDirectory Deployment of web application directory [C:\Users\joda\code\cgi\tomcat\webapps\host-manager] has finished in [28] ms
04-Jul-2021 11:06:09.446 INFO [main] org.apache.catalina.startup.HostConfig.deployDirectory Deploying web application directory [C:\Users\joda\code\cgi\tomcat\webapps\manager]
04-Jul-2021 11:06:09.470 INFO [main] org.apache.catalina.startup.HostConfig.deployDirectory Deployment of web application directory [C:\Users\joda\code\cgi\tomcat\webapps\manager] has finished in [24] ms
04-Jul-2021 11:06:09.470 INFO [main] org.apache.catalina.startup.HostConfig.deployDirectory Deploying web application directory [C:\Users\joda\code\cgi\tomcat\webapps\ROOT]
04-Jul-2021 11:06:09.489 INFO [main] org.apache.catalina.startup.HostConfig.deployDirectory Deployment of web application directory [C:\Users\joda\code\cgi\tomcat\webapps\ROOT] has finished in [19] ms
04-Jul-2021 11:06:09.492 INFO [main] org.apache.coyote.AbstractProtocol.start Starting ProtocolHandler ["http-nio-8080"]
04-Jul-2021 11:06:09.542 INFO [main] org.apache.catalina.startup.Catalina.start Server startup in [780] milliseconds
